2015-07-06 17:03:56.312 10980 INFO migrate.versioning.api [-] 0 -> 1... 
2015-07-06 17:03:56.315 10980 INFO glance.db.sqlalchemy.migrate_repo.schema [-] creating table images
2015-07-06 17:03:56.711 10980 INFO migrate.versioning.api [-] done
2015-07-06 17:03:56.712 10980 INFO migrate.versioning.api [-] 1 -> 2... 
2015-07-06 17:03:56.719 10980 INFO glance.db.sqlalchemy.migrate_repo.schema [-] creating table image_properties
2015-07-06 17:03:57.295 10980 INFO migrate.versioning.api [-] done
2015-07-06 17:03:57.296 10980 INFO migrate.versioning.api [-] 2 -> 3... 
2015-07-06 17:03:58.111 10980 INFO migrate.versioning.api [-] done
2015-07-06 17:03:58.112 10980 INFO migrate.versioning.api [-] 3 -> 4... 
2015-07-06 17:03:58.421 10980 INFO migrate.versioning.api [-] done
2015-07-06 17:03:58.421 10980 INFO migrate.versioning.api [-] 4 -> 5... 
2015-07-06 17:03:58.695 10980 INFO migrate.versioning.api [-] done
2015-07-06 17:03:58.695 10980 INFO migrate.versioning.api [-] 5 -> 6... 
2015-07-06 17:03:59.221 10980 INFO migrate.versioning.api [-] done
2015-07-06 17:03:59.221 10980 INFO migrate.versioning.api [-] 6 -> 7... 
2015-07-06 17:03:59.512 10980 INFO migrate.versioning.api [-] done
2015-07-06 17:03:59.512 10980 INFO migrate.versioning.api [-] 7 -> 8... 
2015-07-06 17:03:59.519 10980 INFO glance.db.sqlalchemy.migrate_repo.schema [-] creating table image_members
2015-07-06 17:04:00.071 10980 INFO migrate.versioning.api [-] done
2015-07-06 17:04:00.071 10980 INFO migrate.versioning.api [-] 8 -> 9... 
2015-07-06 17:04:00.621 10980 INFO migrate.versioning.api [-] done
2015-07-06 17:04:00.621 10980 INFO migrate.versioning.api [-] 9 -> 10... 
2015-07-06 17:04:00.636 10980 INFO migrate.versioning.api [-] done
2015-07-06 17:04:00.637 10980 INFO migrate.versioning.api [-] 10 -> 11... 
2015-07-06 17:04:01.188 10980 INFO migrate.versioning.api [-] done
2015-07-06 17:04:01.188 10980 INFO migrate.versioning.api [-] 11 -> 12... 
2015-07-06 17:04:03.980 10980 INFO migrate.versioning.api [-] done
2015-07-06 17:04:03.980 10980 INFO migrate.versioning.api [-] 12 -> 13... 
2015-07-06 17:04:04.271 10980 INFO migrate.versioning.api [-] done
2015-07-06 17:04:04.272 10980 INFO migrate.versioning.api [-] 13 -> 14... 
2015-07-06 17:04:04.278 10980 INFO glance.db.sqlalchemy.migrate_repo.schema [-] creating table image_tags
2015-07-06 17:04:04.705 10980 INFO migrate.versioning.api [-] done
2015-07-06 17:04:04.706 10980 INFO migrate.versioning.api [-] 14 -> 15... 
2015-07-06 17:04:04.721 10980 INFO migrate.versioning.api [-] done
2015-07-06 17:04:04.721 10980 INFO migrate.versioning.api [-] 15 -> 16... 
2015-07-06 17:04:05.771 10980 INFO migrate.versioning.api [-] done
2015-07-06 17:04:05.771 10980 INFO migrate.versioning.api [-] 16 -> 17... 
2015-07-06 17:04:05.819 10980 INFO 017_quote_encrypted_swift_credentials [-] 'metadata_encryption_key' was not specified in the config file or a config file was not specified. This means that this migration is a NOOP.
2015-07-06 17:04:05.829 10980 INFO migrate.versioning.api [-] done
2015-07-06 17:04:05.830 10980 INFO migrate.versioning.api [-] 17 -> 18... 
2015-07-06 17:04:05.837 10980 INFO glance.db.sqlalchemy.migrate_repo.schema [-] creating table image_locations
2015-07-06 17:04:06.280 10980 INFO migrate.versioning.api [-] done
2015-07-06 17:04:06.281 10980 INFO migrate.versioning.api [-] 18 -> 19... 
2015-07-06 17:04:06.305 10980 INFO migrate.versioning.api [-] done
2015-07-06 17:04:06.305 10980 INFO migrate.versioning.api [-] 19 -> 20... 
2015-07-06 17:04:06.630 10980 INFO migrate.versioning.api [-] done
2015-07-06 17:04:06.631 10980 INFO migrate.versioning.api [-] 20 -> 21... 
2015-07-06 17:04:06.647 10980 INFO migrate.versioning.api [-] done
2015-07-06 17:04:06.647 10980 INFO migrate.versioning.api [-] 21 -> 22... 
2015-07-06 17:04:06.814 10980 INFO migrate.versioning.api [-] done
2015-07-06 17:04:06.814 10980 INFO migrate.versioning.api [-] 22 -> 23... 
2015-07-06 17:04:06.822 10980 INFO migrate.versioning.api [-] done
2015-07-06 17:04:06.822 10980 INFO migrate.versioning.api [-] 23 -> 24... 
2015-07-06 17:04:06.830 10980 INFO migrate.versioning.api [-] done
2015-07-06 17:04:06.830 10980 INFO migrate.versioning.api [-] 24 -> 25... 
2015-07-06 17:04:06.838 10980 INFO migrate.versioning.api [-] done
2015-07-06 17:04:06.839 10980 INFO migrate.versioning.api [-] 25 -> 26... 
2015-07-06 17:04:07.114 10980 INFO migrate.versioning.api [-] done
2015-07-06 17:04:07.114 10980 INFO migrate.versioning.api [-] 26 -> 27... 
2015-07-06 17:04:07.247 10980 INFO migrate.versioning.api [-] done
2015-07-06 17:04:07.248 10980 INFO migrate.versioning.api [-] 27 -> 28... 
2015-07-06 17:04:07.397 10980 INFO migrate.versioning.api [-] done
2015-07-06 17:04:07.398 10980 INFO migrate.versioning.api [-] 28 -> 29... 
2015-07-06 17:04:08.272 10980 INFO migrate.versioning.api [-] done
2015-07-06 17:04:08.273 10980 INFO migrate.versioning.api [-] 29 -> 30... 
2015-07-06 17:04:08.276 10980 INFO glance.db.sqlalchemy.migrate_repo.schema [-] creating table tasks
2015-07-06 17:04:09.122 10980 INFO migrate.versioning.api [-] done
2015-07-06 17:04:09.123 10980 INFO migrate.versioning.api [-] 30 -> 31... 
2015-07-06 17:04:09.146 10980 INFO migrate.versioning.api [-] done
2015-07-06 17:04:09.146 10980 INFO migrate.versioning.api [-] 31 -> 32... 
2015-07-06 17:04:09.153 10980 INFO glance.db.sqlalchemy.migrate_repo.schema [-] creating table task_info
2015-07-06 17:04:10.948 10980 INFO migrate.versioning.api [-] done
2015-07-06 17:04:10.948 10980 INFO migrate.versioning.api [-] 32 -> 33... 
2015-07-06 17:04:11.240 10980 INFO migrate.versioning.api [-] done
2015-07-06 17:04:11.240 10980 INFO migrate.versioning.api [-] 33 -> 34... 
2015-07-06 17:04:11.615 10980 INFO migrate.versioning.api [-] done
2015-07-06 17:04:11.615 10980 INFO migrate.versioning.api [-] 34 -> 35... 
2015-07-06 17:04:11.622 10980 INFO glance.db.sqlalchemy.migrate_repo.schema [-] creating table metadef_namespaces
2015-07-06 17:04:11.980 10980 INFO glance.db.sqlalchemy.migrate_repo.schema [-] creating table metadef_objects
2015-07-06 17:04:12.363 10980 INFO glance.db.sqlalchemy.migrate_repo.schema [-] creating table metadef_properties
2015-07-06 17:04:12.722 10980 INFO glance.db.sqlalchemy.migrate_repo.schema [-] creating table metadef_resource_types
2015-07-06 17:04:13.064 10980 INFO glance.db.sqlalchemy.migrate_repo.schema [-] creating table metadef_namespace_resource_types
2015-07-06 17:04:13.507 10980 INFO migrate.versioning.api [-] done
2015-07-06 17:04:13.507 10980 INFO migrate.versioning.api [-] 35 -> 36... 
2015-07-06 17:04:14.114 10980 INFO migrate.versioning.api [-] done
--2015-07-06 17:04:14--  http://download.cirros-cloud.net/0.3.3/cirros-0.3.3-x86_64-disk.img
Resolving download.cirros-cloud.net (download.cirros-cloud.net)... 69.163.241.114
Connecting to download.cirros-cloud.net (download.cirros-cloud.net)|69.163.241.114|:80... connected.
HTTP request sent, awaiting response... 200 OK
Length: 13200896 (13M) [text/plain]
Saving to: ‘/tmp/images/cirros-0.3.3-x86_64-disk.img’

     0K .......... .......... .......... .......... ..........  0%  101K 2m8s
    50K .......... .......... .......... .......... ..........  0%  200K 95s
   100K .......... .......... .......... .......... ..........  1%  195K 85s
   150K .......... .......... .......... .......... ..........  1%  202K 79s
   200K .......... .......... .......... .......... ..........  1%  193K 76s
   250K .......... .......... .......... .......... ..........  2% 11.0M 64s
   300K .......... .......... .......... .......... ..........  2%  202K 63s
   350K .......... .......... .......... .......... ..........  3% 11.6M 55s
   400K .......... .......... .......... .......... ..........  3%  206K 56s
   450K .......... .......... .......... .......... ..........  3% 11.4M 50s
   500K .......... .......... .......... .......... ..........  4% 97.3K 57s
   550K .......... .......... .......... .......... ..........  4% 11.3M 52s
   600K .......... .......... .......... .......... ..........  5% 11.0M 48s
   650K .......... .......... .......... .......... ..........  5%  210K 48s
   700K .......... .......... .......... .......... ..........  5% 11.5M 45s
   750K .......... .......... .......... .......... ..........  6% 11.1M 42s
   800K .......... .......... .......... .......... ..........  6%  188K 43s
   850K .......... .......... .......... .......... ..........  6% 11.1M 41s
   900K .......... .......... .......... .......... ..........  7%  204K 41s
   950K .......... .......... .......... .......... ..........  7% 8.39M 39s
  1000K .......... .......... .......... .......... ..........  8% 9.22M 37s
  1050K .......... .......... .......... .......... ..........  8%  205K 38s
  1100K .......... .......... .......... .......... ..........  8% 7.14M 36s
  1150K .......... .......... .......... .......... ..........  9% 1.26M 35s
  1200K .......... .......... .......... .......... ..........  9%  237K 35s
  1250K .......... .......... .......... .......... .......... 10% 8.31M 34s
  1300K .......... .......... .......... .......... .......... 10% 1.09M 33s
  1350K .......... .......... .......... .......... .......... 10%  247K 33s
  1400K .......... .......... .......... .......... .......... 11% 1.29M 32s
  1450K .......... .......... .......... .......... .......... 11% 11.3M 31s
  1500K .......... .......... .......... .......... .......... 12% 1.61M 30s
  1550K .......... .......... .......... .......... .......... 12%  231K 31s
  1600K .......... .......... .......... .......... .......... 12% 1.56M 30s
  1650K .......... .......... .......... .......... .......... 13% 1.29M 29s
  1700K .......... .......... .......... .......... .......... 13%  281K 29s
  1750K .......... .......... .......... .......... .......... 13% 1.43M 29s
  1800K .......... .......... .......... .......... .......... 14% 1.14M 28s
  1850K .......... .......... .......... .......... .......... 14%  288K 28s
  1900K .......... .......... .......... .......... .......... 15%  575K 28s
  1950K .......... .......... .......... .......... .......... 15% 11.1M 27s
  2000K .......... .......... .......... .......... .......... 15%  293K 27s
  2050K .......... .......... .......... .......... .......... 16%  145K 28s
  2100K .......... .......... .......... .......... .......... 16% 11.3M 27s
  2150K .......... .......... .......... .......... .......... 17% 11.1M 27s
  2200K .......... .......... .......... .......... .......... 17% 11.0M 26s
  2250K .......... .......... .......... .......... .......... 17%  362K 26s
  2300K .......... .......... .......... .......... .......... 18% 1.36M 25s
  2350K .......... .......... .......... .......... .......... 18%  611K 25s
  2400K .......... .......... .......... .......... .......... 19%  372K 25s
  2450K .......... .......... .......... .......... .......... 19% 1.49M 24s
  2500K .......... .......... .......... .......... .......... 19%  223K 25s
  2550K .......... .......... .......... .......... .......... 20% 1.30M 24s
  2600K .......... .......... .......... .......... .......... 20%  406K 24s
  2650K .......... .......... .......... .......... .......... 20%  507K 24s
  2700K .......... .......... .......... .......... .......... 21%  132K 25s
  2750K .......... .......... .......... .......... .......... 21%  165K 25s
  2800K .......... .......... .......... .......... .......... 22% 11.6M 25s
  2850K .......... .......... .......... .......... .......... 22%  196K 25s
  2900K .......... .......... .......... .......... .......... 22% 11.1M 25s
  2950K .......... .......... .......... .......... .......... 23% 11.0M 24s
  3000K .......... .......... .......... .......... .......... 23%  794K 24s
  3050K .......... .......... .......... .......... .......... 24% 1.39M 23s
  3100K .......... .......... .......... .......... .......... 24%  203K 24s
  3150K .......... .......... .......... .......... .......... 24%  219K 24s
  3200K .......... .......... .......... .......... .......... 25%  236K 24s
  3250K .......... .......... .......... .......... .......... 25%  778K 24s
  3300K .......... .......... .......... .......... .......... 25%  200K 24s
  3350K .......... .......... .......... .......... .......... 26%  223K 24s
  3400K .......... .......... .......... .......... .......... 26%  634K 24s
  3450K .......... .......... .......... .......... .......... 27%  204K 24s
  3500K .......... .......... .......... .......... .......... 27%  230K 24s
  3550K .......... .......... .......... .......... .......... 27%  434K 24s
  3600K .......... .......... .......... .......... .......... 28%  235K 24s
  3650K .......... .......... .......... .......... .......... 28%  278K 24s
  3700K .......... .......... .......... .......... .......... 29%  341K 24s
  3750K .......... .......... .......... .......... .......... 29%  244K 24s
  3800K .......... .......... .......... .......... .......... 29%  588K 24s
  3850K .......... .......... .......... .......... .......... 30%  195K 24s
  3900K .......... .......... .......... .......... .......... 30%  285K 24s
  3950K .......... .......... .......... .......... .......... 31%  177K 24s
  4000K .......... .......... .......... .......... .......... 31%  349K 24s
  4050K .......... .......... .......... .......... .......... 31%  200K 24s
  4100K .......... .......... .......... .......... .......... 32%  149K 24s
  4150K .......... .......... .......... .......... .......... 32%  198K 24s
  4200K .......... .......... .......... .......... .......... 32%  110K 25s
  4250K .......... .......... .......... .......... .......... 33%  466K 25s
  4300K .......... .......... .......... .......... .......... 33% 99.4K 25s
  4350K .......... .......... .......... .......... .......... 34%  188K 25s
  4400K .......... .......... .......... .......... .......... 34% 93.6K 26s
  4450K .......... .......... .......... .......... .......... 34%  161K 26s
  4500K .......... .......... .......... .......... .......... 35% 90.0K 27s
  4550K .......... .......... .......... .......... .......... 35%  122K 27s
  4600K .......... .......... .......... .......... .......... 36% 93.0K 27s
  4650K .......... .......... .......... .......... .......... 36% 98.2K 28s
  4700K .......... .......... .......... .......... .......... 36% 66.3K 29s
  4750K .......... .......... .......... .......... .......... 37% 99.8K 29s
  4800K .......... .......... .......... .......... .......... 37% 82.3K 30s
  4850K .......... .......... .......... .......... .......... 38%  114K 30s
  4900K .......... .......... .......... .......... .......... 38% 95.5K 30s
  4950K .......... .......... .......... .......... .......... 38% 66.5K 31s
  5000K .......... .......... .......... .......... .......... 39%  440K 31s
  5050K .......... .......... .......... .......... .......... 39%  105K 31s
  5100K .......... .......... .......... .......... .......... 39%  109K 31s
  5150K .......... .......... .......... .......... .......... 40%  135K 31s
  5200K .......... .......... .......... .......... .......... 40%  124K 31s
  5250K .......... .......... .......... .......... .......... 41%  145K 31s
  5300K .......... .......... .......... .......... .......... 41%  168K 31s
  5350K .......... .......... .......... .......... .......... 41% 98.0K 31s
  5400K .......... .......... .......... .......... .......... 42%  166K 31s
  5450K .......... .......... .......... .......... .......... 42% 98.4K 31s
  5500K .......... .......... .......... .......... .......... 43% 99.1K 32s
  5550K .......... .......... .......... .......... .......... 43% 97.7K 32s
  5600K .......... .......... .......... .......... .......... 43%  163K 32s
  5650K .......... .......... .......... .......... .......... 44% 98.6K 32s
  5700K .......... .......... .......... .......... .......... 44% 94.1K 32s
  5750K .......... .......... .......... .......... .......... 44%  145K 32s
  5800K .......... .......... .......... .......... .......... 45%  106K 32s
  5850K .......... .......... .......... .......... .......... 45% 97.2K 32s
  5900K .......... .......... .......... .......... .......... 46%  106K 32s
  5950K .......... .......... .......... .......... .......... 46%  101K 32s
  6000K .......... .......... .......... .......... .......... 46%  126K 32s
  6050K .......... .......... .......... .......... .......... 47% 95.6K 32s
  6100K .......... .......... .......... .......... .......... 47%  102K 32s
  6150K .......... .......... .......... .......... .......... 48%  128K 32s
  6200K .......... .......... .......... .......... .......... 48%  112K 32s
  6250K .......... .......... .......... .......... .......... 48%  111K 32s
  6300K .......... .......... .......... .......... .......... 49%  118K 32s
  6350K .......... .......... .......... .......... .......... 49%  147K 32s
  6400K .......... .......... .......... .......... .......... 50% 97.1K 32s
  6450K .......... .......... .......... .......... .......... 50%  133K 32s
  6500K .......... .......... .......... .......... .......... 50%  132K 32s
  6550K .......... .......... .......... .......... .......... 51%  115K 32s
  6600K .......... .......... .......... .......... .......... 51%  144K 31s
  6650K .......... .......... .......... .......... .......... 51%  105K 31s
  6700K .......... .......... .......... .......... .......... 52%  182K 31s
  6750K .......... .......... .......... .......... .......... 52% 98.8K 31s
  6800K .......... .......... .......... .......... .......... 53%  207K 31s
  6850K .......... .......... .......... .......... .......... 53%  158K 31s
  6900K .......... .......... .......... .......... .......... 53%  104K 31s
  6950K .......... .......... .......... .......... .......... 54%  157K 30s
  7000K .......... .......... .......... .......... .......... 54%  187K 30s
  7050K .......... .......... .......... .......... .......... 55%  166K 30s
  7100K .......... .......... .......... .......... .......... 55%  109K 30s
  7150K .......... .......... .......... .......... .......... 55%  176K 30s
  7200K .......... .......... .......... .......... .......... 56%  150K 29s
  7250K .......... .......... .......... .......... .......... 56%  167K 29s
  7300K .......... .......... .......... .......... .......... 57%  127K 29s
  7350K .......... .......... .......... .......... .......... 57%  175K 29s
  7400K .......... .......... .......... .......... .......... 57%  179K 29s
  7450K .......... .......... .......... .......... .......... 58%  145K 28s
  7500K .......... .......... .......... .......... .......... 58%  166K 28s
  7550K .......... .......... .......... .......... .......... 58%  172K 28s
  7600K .......... .......... .......... .......... .......... 59%  163K 28s
  7650K .......... .......... .......... .......... .......... 59%  199K 27s
  7700K .......... .......... .......... .......... .......... 60% 91.7K 27s
  7750K .......... .......... .......... .......... .......... 60% 11.0M 27s
  7800K .......... .......... .......... .......... .......... 60%  177K 27s
  7850K .......... .......... .......... .......... .......... 61%  188K 26s
  7900K .......... .......... .......... .......... .......... 61%  133K 26s
  7950K .......... .......... .......... .......... .......... 62%  192K 26s
  8000K .......... .......... .......... .......... .......... 62%  309K 26s
  8050K .......... .......... .......... .......... .......... 62%  177K 25s
  8100K .......... .......... .......... .......... .......... 63%  223K 25s
  8150K .......... .......... .......... .......... .......... 63%  193K 25s
  8200K .......... .......... .......... .......... .......... 63%  170K 24s
  8250K .......... .......... .......... .......... .......... 64%  203K 24s
  8300K .......... .......... .......... .......... .......... 64%  190K 24s
  8350K .......... .......... .......... .......... .......... 65%  205K 24s
  8400K .......... .......... .......... .......... .......... 65%  192K 23s
  8450K .......... .......... .......... .......... .......... 65%  183K 23s
  8500K .......... .......... .......... .......... .......... 66%  544K 23s
  8550K .......... .......... .......... .......... .......... 66%  171K 23s
  8600K .......... .......... .......... .......... .......... 67%  196K 22s
  8650K .......... .......... .......... .......... .......... 67%  132K 22s
  8700K .......... .......... .......... .......... .......... 67%  413K 22s
  8750K .......... .......... .......... .......... .......... 68%  198K 21s
  8800K .......... .......... .......... .......... .......... 68%  124K 21s
  8850K .......... .......... .......... .......... .......... 69%  124K 21s
  8900K .......... .......... .......... .......... .......... 69%  191K 21s
  8950K .......... .......... .......... .......... .......... 69%  104K 21s
  9000K .......... .......... .......... .......... .......... 70%  140K 20s
  9050K .......... .......... .......... .......... .......... 70% 97.6K 20s
  9100K .......... .......... .......... .......... .......... 70%  122K 20s
  9150K .......... .......... .......... .......... .......... 71%  112K 20s
  9200K .......... .......... .......... .......... .......... 71% 96.6K 20s
  9250K .......... .......... .......... .......... .......... 72%  134K 19s
  9300K .......... .......... .......... .......... .......... 72%  101K 19s
  9350K .......... .......... .......... .......... .......... 72% 99.6K 19s
  9400K .......... .......... .......... .......... .......... 73%  100K 19s
  9450K .......... .......... .......... .......... .......... 73%  105K 19s
  9500K .......... .......... .......... .......... .......... 74%  127K 18s
  9550K .......... .......... .......... .......... .......... 74%  128K 18s
  9600K .......... .......... .......... .......... .......... 74%  149K 18s
  9650K .......... .......... .......... .......... .......... 75%  149K 18s
  9700K .......... .......... .......... .......... .......... 75%  171K 17s
  9750K .......... .......... .......... .......... .......... 76%  137K 17s
  9800K .......... .......... .......... .......... .......... 76%  169K 17s
  9850K .......... .......... .......... .......... .......... 76% 95.5K 17s
  9900K .......... .......... .......... .......... .......... 77%  188K 16s
  9950K .......... .......... .......... .......... .......... 77%  132K 16s
 10000K .......... .......... .......... .......... .......... 77%  119K 16s
 10050K .......... .......... .......... .......... .......... 78%  174K 16s
 10100K .......... .......... .......... .......... .......... 78%  137K 15s
 10150K .......... .......... .......... .......... .......... 79%  126K 15s
 10200K .......... .......... .......... .......... .......... 79%  131K 15s
 10250K .......... .......... .......... .......... .......... 79%  101K 15s
 10300K .......... .......... .......... .......... .......... 80%  163K 14s
 10350K .......... .......... .......... .......... .......... 80%  149K 14s
 10400K .......... .......... .......... .......... .......... 81%  168K 14s
 10450K .......... .......... .......... .......... .......... 81%  108K 14s
 10500K .......... .......... .......... .......... .......... 81% 94.2K 13s
 10550K .......... .......... .......... .......... .......... 82%  198K 13s
 10600K .......... .......... .......... .......... .......... 82%  149K 13s
 10650K .......... .......... .......... .......... .......... 83% 98.4K 13s
 10700K .......... .......... .......... .......... .......... 83% 82.9K 12s
 10750K .......... .......... .......... .......... .......... 83% 85.9K 12s
 10800K .......... .......... .......... .......... .......... 84% 60.2K 12s
 10850K .......... .......... .......... .......... .......... 84% 98.0K 12s
 10900K .......... .......... .......... .......... .......... 84% 62.4K 11s
 10950K .......... .......... .......... .......... .......... 85% 64.6K 11s
 11000K .......... .......... .......... .......... .......... 85% 67.4K 11s
 11050K .......... .......... .......... .......... .......... 86% 67.4K 11s
 11100K .......... .......... .......... .......... .......... 86% 89.2K 11s
 11150K .......... .......... .......... .......... .......... 86%  119K 10s
 11200K .......... .......... .......... .......... .......... 87%  127K 10s
 11250K .......... .......... .......... .......... .......... 87%  156K 10s
 11300K .......... .......... .......... .......... .......... 88%  164K 9s
 11350K .......... .......... .......... .......... .......... 88% 71.1K 9s
 11400K .......... .......... .......... .......... .......... 88% 11.0M 9s
 11450K .......... .......... .......... .......... .......... 89%  257K 8s
 11500K .......... .......... .......... .......... .......... 89%  195K 8s
 11550K .......... .......... .......... .......... .......... 89%  198K 8s
 11600K .......... .......... .......... .......... .......... 90%  155K 8s
 11650K .......... .......... .......... .......... .......... 90%  230K 7s
 11700K .......... .......... .......... .......... .......... 91% 85.7K 7s
 11750K .......... .......... .......... .......... .......... 91% 11.3M 7s
 11800K .......... .......... .......... .......... .......... 91% 90.7K 6s
 11850K .......... .......... .......... .......... .......... 92%  469K 6s
 11900K .......... .......... .......... .......... .......... 92%  112K 6s
 11950K .......... .......... .......... .......... .......... 93%  105K 5s
 12000K .......... .......... .......... .......... .......... 93%  154K 5s
 12050K .......... .......... .......... .......... .......... 93%  103K 5s
 12100K .......... .......... .......... .......... .......... 94%  122K 5s
 12150K .......... .......... .......... .......... .......... 94%  140K 4s
 12200K .......... .......... .......... .......... .......... 95% 70.4K 4s
 12250K .......... .......... .......... .......... .......... 95%  140K 4s
 12300K .......... .......... .......... .......... .......... 95% 66.1K 3s
 12350K .......... .......... .......... .......... .......... 96% 49.1K 3s
 12400K .......... .......... .......... .......... .......... 96% 48.1K 3s
 12450K .......... .......... .......... .......... .......... 96% 58.6K 2s
 12500K .......... .......... .......... .......... .......... 97% 66.7K 2s
 12550K .......... .......... .......... .......... .......... 97% 68.3K 2s
 12600K .......... .......... .......... .......... .......... 98% 66.7K 2s
 12650K .......... .......... .......... .......... .......... 98% 97.6K 1s
 12700K .......... .......... .......... .......... .......... 98%  152K 1s
 12750K .......... .......... .......... .......... .......... 99%  118K 1s
 12800K .......... .......... .......... .......... .......... 99%  269K 0s
 12850K .......... .......... .......... .......... .         100%  414K=83s

2015-07-06 17:05:38 (155 KB/s) - ‘/tmp/images/cirros-0.3.3-x86_64-disk.img’ saved [13200896/13200896]

