Created a new subnet:
+-------------------+----------------------------------------------------+
| Field             | Value                                              |
+-------------------+----------------------------------------------------+
| allocation_pools  | {"start": "192.168.4.210", "end": "192.168.4.225"} |
| cidr              | 192.168.4.0/24                                     |
| dns_nameservers   |                                                    |
| enable_dhcp       | False                                              |
| gateway_ip        | 192.168.4.1                                        |
| host_routes       |                                                    |
| id                | 21497849-2856-42bd-a758-fb5a0d3598be               |
| ip_version        | 4                                                  |
| ipv6_address_mode |                                                    |
| ipv6_ra_mode      |                                                    |
| name              | ext-subnet                                         |
| network_id        | 25accd3f-c3d8-41a2-bccf-210b88936146               |
| tenant_id         | 9ea1c359d9db46b9a61ec60a0e25c70b                   |
+-------------------+----------------------------------------------------+
-------------------tenth.sh line no : 93------------------------
------%%%%%%%%%%%%%%%%%%------ Installing Tenant - NETWORK SERVICE ------%%%%%%%%%%%%%%%%%%------
Created a new network:
+-----------------+--------------------------------------+
| Field           | Value                                |
+-----------------+--------------------------------------+
| admin_state_up  | True                                 |
| id              | 729ecc5c-dcad-428c-8fcd-d47d3f11c030 |
| name            | demo-net                             |
| router:external | False                                |
| shared          | False                                |
| status          | ACTIVE                               |
| subnets         |                                      |
| tenant_id       | 5c2cd0e34ab749e98a8d42bd41cd6598     |
+-----------------+--------------------------------------+
-------------------tenth.sh line no : 94------------------------
Created a new subnet:
+-------------------+----------------------------------------------+
| Field             | Value                                        |
+-------------------+----------------------------------------------+
| allocation_pools  | {"start": "10.25.0.2", "end": "10.25.0.254"} |
| cidr              | 10.25.0.0/24                                 |
| dns_nameservers   |                                              |
| enable_dhcp       | True                                         |
| gateway_ip        | 10.25.0.1                                    |
| host_routes       |                                              |
| id                | cca1fef6-02a9-4c33-bb35-4d33fdf77ffd         |
| ip_version        | 4                                            |
| ipv6_address_mode |                                              |
| ipv6_ra_mode      |                                              |
| name              | demo-subnet                                  |
| network_id        | 729ecc5c-dcad-428c-8fcd-d47d3f11c030         |
| tenant_id         | 5c2cd0e34ab749e98a8d42bd41cd6598             |
+-------------------+----------------------------------------------+
-------------------tenth.sh line no : 95------------------------
Created a new router:
+-----------------------+--------------------------------------+
| Field                 | Value                                |
+-----------------------+--------------------------------------+
| admin_state_up        | True                                 |
| external_gateway_info |                                      |
| id                    | 81515622-96d2-439f-bc3f-d299f537f2e0 |
| name                  | demo-router                          |
| routes                |                                      |
| status                | ACTIVE                               |
| tenant_id             | 5c2cd0e34ab749e98a8d42bd41cd6598     |
+-----------------------+--------------------------------------+
-------------------tenth.sh line no : 96------------------------
Added interface 30c58679-ecd5-4ada-8026-8692c56899ef to router demo-router.
-------------------tenth.sh line no : 97------------------------
Set gateway for router demo-router
-------------------tenth.sh line no : 98------------------------
------%%%%%%%%%%%%%%%%%%------ Verifying Operation - NETWORK [Compute] SERVICE ------%%%%%%%%%%%%%%%%%%------
-- Nothing Added Here, So, dont worry --
-------------------tenth.sh line no : 99------------------------
---- original line no 99---
Reading package lists...
Building dependency tree...
Reading state information...
The following extra packages will be installed:
  apache2-bin apache2-data libapr1 libaprutil1 libaprutil1-dbd-sqlite3
  libaprutil1-ldap openstack-dashboard-ubuntu-theme python-appconf
  python-ceilometerclient python-compressor python-django
  python-django-horizon python-django-pyscss python-heatclient
  python-openstack-auth python-pyscss python-saharaclient python-troveclient
Suggested packages:
  apache2-doc apache2-suexec-pristine apache2-suexec-custom apache2-utils
  libcache-memcached-perl libmemcached python-psycopg2 python-psycopg
  python-flup python-sqlite geoip-database-contrib gettext python-django-doc
  ipython bpython libgdal1
The following NEW packages will be installed:
  apache2 apache2-bin apache2-data libapache2-mod-wsgi libapr1 libaprutil1
  libaprutil1-dbd-sqlite3 libaprutil1-ldap memcached openstack-dashboard
  openstack-dashboard-ubuntu-theme python-appconf python-ceilometerclient
  python-compressor python-django python-django-horizon python-django-pyscss
  python-heatclient python-memcache python-openstack-auth python-pyscss
  python-saharaclient python-troveclient
0 upgraded, 23 newly installed, 0 to remove and 0 not upgraded.
Need to get 6,933 kB of archives.
After this operation, 63.5 MB of additional disk space will be used.
Get:1 http://ubuntu-cloud.archive.canonical.com/ubuntu/ trusty-updates/juno/main python-pyscss amd64 1.2.1-0ubuntu2~cloud0 [83.5 kB]
Get:2 http://in.archive.ubuntu.com/ubuntu/ trusty/main libapr1 amd64 1.5.0-1 [85.1 kB]
Get:3 http://ubuntu-cloud.archive.canonical.com/ubuntu/ trusty-updates/juno/main python-django-pyscss all 1.0.3-0ubuntu1~cloud0 [8,480 B]
Get:4 http://in.archive.ubuntu.com/ubuntu/ trusty/main libaprutil1 amd64 1.5.3-1 [76.4 kB]
Get:5 http://ubuntu-cloud.archive.canonical.com/ubuntu/ trusty-updates/juno/main python-heatclient all 0.2.10-0ubuntu1~cloud0 [61.5 kB]
Get:6 http://in.archive.ubuntu.com/ubuntu/ trusty-updates/main python-django all 1.6.1-2ubuntu0.8 [2,214 kB]
Get:7 http://ubuntu-cloud.archive.canonical.com/ubuntu/ trusty-updates/juno/main python-openstack-auth all 1.1.7-1~cloud0 [19.8 kB]
Get:8 http://ubuntu-cloud.archive.canonical.com/ubuntu/ trusty-updates/juno/main python-ceilometerclient all 1.0.10-0ubuntu1~cloud0 [57.6 kB]
Get:9 http://ubuntu-cloud.archive.canonical.com/ubuntu/ trusty-updates/juno/main python-saharaclient all 0.7.3-1~cloud0 [62.6 kB]
Get:10 http://ubuntu-cloud.archive.canonical.com/ubuntu/ trusty-updates/juno/main python-troveclient all 1:1.0.5-0ubuntu2~cloud0 [71.0 kB]
Get:11 http://ubuntu-cloud.archive.canonical.com/ubuntu/ trusty-updates/juno/main python-django-horizon all 1:2014.2.3-0ubuntu1~cloud0 [1,563 kB]
Get:12 http://ubuntu-cloud.archive.canonical.com/ubuntu/ trusty-updates/juno/main openstack-dashboard all 1:2014.2.3-0ubuntu1~cloud0 [1,298 kB]
Get:13 http://ubuntu-cloud.archive.canonical.com/ubuntu/ trusty-updates/juno/main openstack-dashboard-ubuntu-theme all 1:2014.2.3-0ubuntu1~cloud0 [9,120 B]
Get:14 http://in.archive.ubuntu.com/ubuntu/ trusty/main python-appconf all 0.5-2build1 [7,696 B]
Get:15 http://in.archive.ubuntu.com/ubuntu/ trusty/main python-compressor all 1.3-1ubuntu3 [55.0 kB]
Get:16 http://in.archive.ubuntu.com/ubuntu/ trusty/main libaprutil1-dbd-sqlite3 amd64 1.5.3-1 [10.5 kB]
Get:17 http://in.archive.ubuntu.com/ubuntu/ trusty/main libaprutil1-ldap amd64 1.5.3-1 [8,634 B]
Get:18 http://in.archive.ubuntu.com/ubuntu/ trusty-updates/main apache2-bin amd64 2.4.7-1ubuntu4.4 [843 kB]
Get:19 http://in.archive.ubuntu.com/ubuntu/ trusty-updates/main apache2-data all 2.4.7-1ubuntu4.4 [160 kB]
Get:20 http://in.archive.ubuntu.com/ubuntu/ trusty-updates/main apache2 amd64 2.4.7-1ubuntu4.4 [87.4 kB]
Get:21 http://in.archive.ubuntu.com/ubuntu/ trusty-updates/main libapache2-mod-wsgi amd64 3.4-4ubuntu2.1.14.04.2 [67.4 kB]
Get:22 http://in.archive.ubuntu.com/ubuntu/ trusty/main python-memcache all 1.53-1build1 [16.9 kB]
Get:23 http://in.archive.ubuntu.com/ubuntu/ trusty/main memcached amd64 1.4.14-0ubuntu9 [66.7 kB]
Fetched 6,933 kB in 16s (417 kB/s)
Selecting previously unselected package libapr1:amd64.
(Reading database ... 101038 files and directories currently installed.)
Preparing to unpack .../libapr1_1.5.0-1_amd64.deb ...
Unpacking libapr1:amd64 (1.5.0-1) ...
Selecting previously unselected package libaprutil1:amd64.
Preparing to unpack .../libaprutil1_1.5.3-1_amd64.deb ...
Unpacking libaprutil1:amd64 (1.5.3-1) ...
Selecting previously unselected package python-django.
Preparing to unpack .../python-django_1.6.1-2ubuntu0.8_all.deb ...
Unpacking python-django (1.6.1-2ubuntu0.8) ...
Selecting previously unselected package python-appconf.
Preparing to unpack .../python-appconf_0.5-2build1_all.deb ...
Unpacking python-appconf (0.5-2build1) ...
Selecting previously unselected package python-compressor.
Preparing to unpack .../python-compressor_1.3-1ubuntu3_all.deb ...
Unpacking python-compressor (1.3-1ubuntu3) ...
Selecting previously unselected package python-pyscss.
Preparing to unpack .../python-pyscss_1.2.1-0ubuntu2~cloud0_amd64.deb ...
Unpacking python-pyscss (1.2.1-0ubuntu2~cloud0) ...
Selecting previously unselected package python-django-pyscss.
Preparing to unpack .../python-django-pyscss_1.0.3-0ubuntu1~cloud0_all.deb ...
Unpacking python-django-pyscss (1.0.3-0ubuntu1~cloud0) ...
Selecting previously unselected package python-heatclient.
Preparing to unpack .../python-heatclient_0.2.10-0ubuntu1~cloud0_all.deb ...
Unpacking python-heatclient (0.2.10-0ubuntu1~cloud0) ...
Selecting previously unselected package python-openstack-auth.
Preparing to unpack .../python-openstack-auth_1.1.7-1~cloud0_all.deb ...
Unpacking python-openstack-auth (1.1.7-1~cloud0) ...
Selecting previously unselected package libaprutil1-dbd-sqlite3:amd64.
Preparing to unpack .../libaprutil1-dbd-sqlite3_1.5.3-1_amd64.deb ...
Unpacking libaprutil1-dbd-sqlite3:amd64 (1.5.3-1) ...
Selecting previously unselected package libaprutil1-ldap:amd64.
Preparing to unpack .../libaprutil1-ldap_1.5.3-1_amd64.deb ...
Unpacking libaprutil1-ldap:amd64 (1.5.3-1) ...
Selecting previously unselected package apache2-bin.
Preparing to unpack .../apache2-bin_2.4.7-1ubuntu4.4_amd64.deb ...
Unpacking apache2-bin (2.4.7-1ubuntu4.4) ...
Selecting previously unselected package apache2-data.
Preparing to unpack .../apache2-data_2.4.7-1ubuntu4.4_all.deb ...
Unpacking apache2-data (2.4.7-1ubuntu4.4) ...
Selecting previously unselected package apache2.
Preparing to unpack .../apache2_2.4.7-1ubuntu4.4_amd64.deb ...
Unpacking apache2 (2.4.7-1ubuntu4.4) ...
Selecting previously unselected package libapache2-mod-wsgi.
Preparing to unpack .../libapache2-mod-wsgi_3.4-4ubuntu2.1.14.04.2_amd64.deb ...
Unpacking libapache2-mod-wsgi (3.4-4ubuntu2.1.14.04.2) ...
Selecting previously unselected package python-ceilometerclient.
Preparing to unpack .../python-ceilometerclient_1.0.10-0ubuntu1~cloud0_all.deb ...
Unpacking python-ceilometerclient (1.0.10-0ubuntu1~cloud0) ...
Selecting previously unselected package python-memcache.
Preparing to unpack .../python-memcache_1.53-1build1_all.deb ...
Unpacking python-memcache (1.53-1build1) ...
Selecting previously unselected package python-saharaclient.
Preparing to unpack .../python-saharaclient_0.7.3-1~cloud0_all.deb ...
Unpacking python-saharaclient (0.7.3-1~cloud0) ...
Selecting previously unselected package python-troveclient.
Preparing to unpack .../python-troveclient_1%3a1.0.5-0ubuntu2~cloud0_all.deb ...
Unpacking python-troveclient (1:1.0.5-0ubuntu2~cloud0) ...
Selecting previously unselected package python-django-horizon.
Preparing to unpack .../python-django-horizon_1%3a2014.2.3-0ubuntu1~cloud0_all.deb ...
Unpacking python-django-horizon (1:2014.2.3-0ubuntu1~cloud0) ...
Selecting previously unselected package openstack-dashboard.
Preparing to unpack .../openstack-dashboard_1%3a2014.2.3-0ubuntu1~cloud0_all.deb ...
Unpacking openstack-dashboard (1:2014.2.3-0ubuntu1~cloud0) ...
Selecting previously unselected package memcached.
Preparing to unpack .../memcached_1.4.14-0ubuntu9_amd64.deb ...
Unpacking memcached (1.4.14-0ubuntu9) ...
Selecting previously unselected package openstack-dashboard-ubuntu-theme.
Preparing to unpack .../openstack-dashboard-ubuntu-theme_1%3a2014.2.3-0ubuntu1~cloud0_all.deb ...
Unpacking openstack-dashboard-ubuntu-theme (1:2014.2.3-0ubuntu1~cloud0) ...
Processing triggers for man-db (2.6.7.1-1ubuntu1) ...
Processing triggers for ureadahead (0.100.0-16) ...
Processing triggers for ufw (0.34~rc-0ubuntu2) ...
Setting up libapr1:amd64 (1.5.0-1) ...
Setting up libaprutil1:amd64 (1.5.3-1) ...
Setting up python-django (1.6.1-2ubuntu0.8) ...
Setting up python-appconf (0.5-2build1) ...
Setting up python-compressor (1.3-1ubuntu3) ...
Setting up python-pyscss (1.2.1-0ubuntu2~cloud0) ...
update-alternatives: using /usr/bin/python2-pyscss to provide /usr/bin/pyscss (pyscss) in auto mode
Setting up python-django-pyscss (1.0.3-0ubuntu1~cloud0) ...
Setting up python-heatclient (0.2.10-0ubuntu1~cloud0) ...
Setting up python-openstack-auth (1.1.7-1~cloud0) ...
Setting up libaprutil1-dbd-sqlite3:amd64 (1.5.3-1) ...
Setting up libaprutil1-ldap:amd64 (1.5.3-1) ...
Setting up apache2-bin (2.4.7-1ubuntu4.4) ...
Setting up apache2-data (2.4.7-1ubuntu4.4) ...
Setting up apache2 (2.4.7-1ubuntu4.4) ...
Enabling module mpm_event.
Enabling module authz_core.
Enabling module authz_host.
Enabling module authn_core.
Enabling module auth_basic.
Enabling module access_compat.
Enabling module authn_file.
Enabling module authz_user.
Enabling module alias.
Enabling module dir.
Enabling module autoindex.
Enabling module env.
Enabling module mime.
Enabling module negotiation.
Enabling module setenvif.
Enabling module filter.
Enabling module deflate.
Enabling module status.
Enabling conf charset.
Enabling conf localized-error-pages.
Enabling conf other-vhosts-access-log.
Enabling conf security.
Enabling conf serve-cgi-bin.
Enabling site 000-default.
 * Starting web server apache2
 * 
Setting up libapache2-mod-wsgi (3.4-4ubuntu2.1.14.04.2) ...
 * Restarting web server apache2
   ...done.
Setting up python-ceilometerclient (1.0.10-0ubuntu1~cloud0) ...
Setting up python-memcache (1.53-1build1) ...
Setting up python-saharaclient (0.7.3-1~cloud0) ...
Setting up python-troveclient (1:1.0.5-0ubuntu2~cloud0) ...
Setting up python-django-horizon (1:2014.2.3-0ubuntu1~cloud0) ...
Setting up openstack-dashboard (1:2014.2.3-0ubuntu1~cloud0) ...
Adding system user `horizon' (UID 112) ...
Adding new user `horizon' (UID 112) with group `horizon' ...
Not creating home directory `/usr/share/openstack-dashboard/'.
Collecting and compressing static assets...
 * Reloading web server apache2
 * 
Setting up memcached (1.4.14-0ubuntu9) ...
Starting memcached: memcached.
Setting up openstack-dashboard-ubuntu-theme (1:2014.2.3-0ubuntu1~cloud0) ...
Collecting and compressing static assets...
 * Reloading web server apache2
 * 
Processing triggers for libc-bin (2.19-0ubuntu6.6) ...
Processing triggers for ureadahead (0.100.0-16) ...
Processing triggers for ufw (0.34~rc-0ubuntu2) ...
-------------------tenth.sh line no : 100------------------------
-------------------tenth.sh line no : 101------------------------
-------------------tenth.sh line no : 102------------------------
 * Restarting web server apache2
   ...done.
Restarting memcached: memcached.
-------------------tenth.sh line no : 103------------------------
--- original line no 103 ---
----################## DASHBOARD INSTALLED -#################-----
