-------------------afterkeystoneendpoint.sh line no : 1------------------------
-------------------afterkeystoneendpoint.sh line no : 2------------------------
-------------------afterkeystoneendpoint.sh line no : 3------------------------
-------------------afterkeystoneendpoint.sh line no : 4------------------------
-------------------afterkeystoneendpoint.sh line no : 5------------------------
-------------------afterkeystoneendpoint.sh line no : 6------------------------
--- !!!!! Enter previously copied ADMIN TOKEN !!!!! -----
-------------------afterkeystoneendpoint.sh line no : 7------------------------
-------------------afterkeystoneendpoint.sh line no : 8------------------------
---- ??? Enter Admin Password ??? -----
---- ??? Enter Admin Email Id ??? -----
-------------------afterkeystoneendpoint.sh line no : 9------------------------
-------------------afterkeystoneendpoint.sh line no : 10------------------------
-------------------afterkeystoneendpoint.sh line no : 11------------------------
-------------------afterkeystoneendpoint.sh line no : 12------------------------
-------------------afterkeystoneendpoint.sh line no : 13------------------------
-------------------afterkeystoneendpoint.sh line no : 14------------------------
-------------------afterkeystoneendpoint.sh line no : 15------------------------
-------------------afterkeystoneendpoint.sh line no : 16------------------------
------%%%%%%%%%%%%%%%%%%------ Verifying Operation - IDENTITY SERVICE ------%%%%%%%%%%%%%%%%%%------
-------------------afterkeystoneendpoint.sh line no : 17------------------------
-------------------afterkeystoneendpoint.sh line no : 18------------------------
-------------------afterkeystoneendpoint.sh line no : 19------------------------
-------------------afterkeystoneendpoint.sh line no : 20------------------------
-------------------afterkeystoneendpoint.sh line no : 21------------------------
-------------------afterkeystoneendpoint.sh line no : 22------------------------
-------------------afterkeystoneendpoint.sh line no : 23------------------------
-------------------afterkeystoneendpoint.sh line no : 24------------------------
---=== Copy These Lines and paste as it is by editing password ===---
====== CREATE DATABASE glance ======
====== GRANT ALL PRIVILEGES ON glance.* TO glance@localhost  IDENTIFIED BY GLANCE_DBPASS ======
====== GRANT ALL PRIVILEGES ON glance.* TO glance@%  IDENTIFIED BY GLANCE_DBPASS======
====== -exit ======
-------------------afterkeystoneendpoint.sh line no : 25------------------------
-------------------afterkeystoneendpoint.sh line no : 26------------------------
-------------------afterkeystoneendpoint.sh line no : 27------------------------
+----------+----------------------------------+
| Property |              Value               |
+----------+----------------------------------+
|  email   |                                  |
| enabled  |               True               |
|    id    | fe8471b08a154b83945a4904868a7c71 |
|   name   |              glance              |
| username |              glance              |
+----------+----------------------------------+
-------------------afterkeystoneendpoint.sh line no : 28------------------------
-------------------afterkeystoneendpoint.sh line no : 29------------------------
--!!!!!!- Copy this Service ID and paste it into /etc/neutron/neutron.conf at [Default] -!!!!!!--
--- nova_admin_tenant_id = SERVICE_TENANT_ID ---
--- Open New Terminal and Execute abobe command---
--- if- you PRESS n, then- execute /root/pullstack/autostack/controller/extra_sh/controllerrest.sh to execute rest of script ------
--- Press[y/n] to continue- or n to skip------
