-------------------afterkeystoneendpoint.sh line no : 1------------------------
-------------------afterkeystoneendpoint.sh line no : 2------------------------
-------------------afterkeystoneendpoint.sh line no : 3------------------------
-------------------afterkeystoneendpoint.sh line no : 4------------------------
-------------------afterkeystoneendpoint.sh line no : 5------------------------
-------------------afterkeystoneendpoint.sh line no : 6------------------------
--- !!!!! Enter previously copied ADMIN TOKEN !!!!! -----
-------------------afterkeystoneendpoint.sh line no : 7------------------------
-------------------afterkeystoneendpoint.sh line no : 8------------------------
---- ??? Enter Admin Password ??? -----
---- ??? Enter Admin Email Id ??? -----
-------------------afterkeystoneendpoint.sh line no : 9------------------------
-------------------afterkeystoneendpoint.sh line no : 10------------------------
-------------------afterkeystoneendpoint.sh line no : 11------------------------
-------------------afterkeystoneendpoint.sh line no : 12------------------------
-------------------afterkeystoneendpoint.sh line no : 13------------------------
-------------------afterkeystoneendpoint.sh line no : 14------------------------
-------------------afterkeystoneendpoint.sh line no : 15------------------------
-------------------afterkeystoneendpoint.sh line no : 16------------------------
------%%%%%%%%%%%%%%%%%%------ Verifying Operation - IDENTITY SERVICE ------%%%%%%%%%%%%%%%%%%------
-------------------afterkeystoneendpoint.sh line no : 17------------------------
-------------------afterkeystoneendpoint.sh line no : 18------------------------
-------------------afterkeystoneendpoint.sh line no : 19------------------------
-------------------afterkeystoneendpoint.sh line no : 20------------------------
-------------------afterkeystoneendpoint.sh line no : 21------------------------
-------------------afterkeystoneendpoint.sh line no : 22------------------------
-------------------afterkeystoneendpoint.sh line no : 23------------------------
-------------------afterkeystoneendpoint.sh line no : 24------------------------
---=== Copy These Lines and paste as it is by editing password ===---
====== CREATE DATABASE glance ======
====== GRANT ALL PRIVILEGES ON glance.* TO glance@localhost  IDENTIFIED BY GLANCE_DBPASS ======
====== GRANT ALL PRIVILEGES ON glance.* TO glance@%  IDENTIFIED BY GLANCE_DBPASS======
====== -exit ======
-------------------afterkeystoneendpoint.sh line no : 25------------------------
-------------------afterkeystoneendpoint.sh line no : 26------------------------
-------------------afterkeystoneendpoint.sh line no : 27------------------------
-------------------afterkeystoneendpoint.sh line no : 28------------------------
-------------------afterkeystoneendpoint.sh line no : 29------------------------
+-------------+----------------------------------+
|   Property  |              Value               |
+-------------+----------------------------------+
| description |     OpenStack Image Service      |
|   enabled   |               True               |
|      id     | c6a3560f7c0e4bb68f94da2e92326249 |
|     name    |              glance              |
|     type    |              image               |
+-------------+----------------------------------+
-------------------afterkeystoneendpoint.sh line no : 30------------------------
+-------------+----------------------------------+
|   Property  |              Value               |
+-------------+----------------------------------+
|   adminurl  |     http://controller10:9292     |
|      id     | 03f50883e59c42e0b9a2f4d6ee38c3df |
| internalurl |     http://controller10:9292     |
|  publicurl  |     http://controller10:9292     |
|    region   |            regionOne             |
|  service_id | c6a3560f7c0e4bb68f94da2e92326249 |
+-------------+----------------------------------+
-------------------afterkeystoneendpoint.sh line no : 31------------------------
Reading package lists...
Building dependency tree...
Reading state information...
The following extra packages will be installed:
  glance-api glance-common glance-registry python-boto python-cinderclient
  python-concurrent.futures python-glance python-glance-store python-httplib2
  python-ipaddr python-json-patch python-json-pointer python-jsonpatch
  python-oslo.vmware python-osprofiler python-retrying python-simplegeneric
  python-simplejson python-suds python-swiftclient python-warlock python-wsme
Suggested packages:
  python-ceph
The following NEW packages will be installed:
  glance glance-api glance-common glance-registry python-boto
  python-cinderclient python-concurrent.futures python-glance
  python-glance-store python-glanceclient python-httplib2 python-ipaddr
  python-json-patch python-json-pointer python-jsonpatch python-oslo.vmware
  python-osprofiler python-retrying python-simplegeneric python-simplejson
  python-suds python-swiftclient python-warlock python-wsme
0 upgraded, 24 newly installed, 0 to remove and 0 not upgraded.
Need to get 1,667 kB of archives.
After this operation, 12.3 MB of additional disk space will be used.
Get:1 http://in.archive.ubuntu.com/ubuntu/ trusty/main python-simplejson amd64 3.3.1-1ubuntu6 [54.7 kB]
Get:2 http://ubuntu-cloud.archive.canonical.com/ubuntu/ trusty-updates/juno/main python-cinderclient all 1:1.1.0-0ubuntu1~cloud0 [87.1 kB]
Get:3 http://in.archive.ubuntu.com/ubuntu/ trusty/main python-json-pointer all 1.0-2build1 [5,158 B]
Get:4 http://ubuntu-cloud.archive.canonical.com/ubuntu/ trusty-updates/juno/main python-glance-store all 0.1.8-1ubuntu2~cloud0 [63.2 kB]
Get:5 http://in.archive.ubuntu.com/ubuntu/ trusty/main python-jsonpatch all 1.3-4 [9,088 B]
Get:6 http://in.archive.ubuntu.com/ubuntu/ trusty/main python-json-patch all 1.3-4 [2,312 B]
Get:7 http://ubuntu-cloud.archive.canonical.com/ubuntu/ trusty-updates/juno/main python-oslo.vmware all 0.6.0-1ubuntu2~cloud0 [37.2 kB]
Get:8 http://ubuntu-cloud.archive.canonical.com/ubuntu/ trusty-updates/juno/main python-retrying all 1.2.3-1ubuntu1~cloud0 [8,010 B]
Get:9 http://ubuntu-cloud.archive.canonical.com/ubuntu/ trusty-updates/juno/main python-osprofiler all 0.3.0-0ubuntu1~cloud0 [24.5 kB]
Get:10 http://in.archive.ubuntu.com/ubuntu/ trusty-updates/main python-suds all 0.4.1-11ubuntu0.1 [91.8 kB]
Get:11 http://ubuntu-cloud.archive.canonical.com/ubuntu/ trusty-updates/juno/main python-swiftclient all 1:2.3.0-0ubuntu1~cloud0 [40.8 kB]
Get:12 http://ubuntu-cloud.archive.canonical.com/ubuntu/ trusty-updates/juno/main python-glance all 1:2014.2.3-0ubuntu1~cloud1 [376 kB]
Get:13 http://in.archive.ubuntu.com/ubuntu/ trusty/main python-warlock all 1.1.0-0ubuntu2 [5,278 B]
Get:14 http://in.archive.ubuntu.com/ubuntu/ trusty/main python-simplegeneric all 0.8.1-1 [11.5 kB]
Get:15 http://in.archive.ubuntu.com/ubuntu/ trusty/main python-ipaddr all 2.1.10-1 [16.5 kB]
Get:16 http://in.archive.ubuntu.com/ubuntu/ trusty/main python-wsme all 0.6-0ubuntu1 [56.9 kB]
Get:17 http://in.archive.ubuntu.com/ubuntu/ trusty/main python-boto all 2.20.1-2ubuntu2 [618 kB]
Get:18 http://ubuntu-cloud.archive.canonical.com/ubuntu/ trusty-updates/juno/main glance-common all 1:2014.2.3-0ubuntu1~cloud1 [6,550 B]
Get:19 http://ubuntu-cloud.archive.canonical.com/ubuntu/ trusty-updates/juno/main glance-api all 1:2014.2.3-0ubuntu1~cloud1 [23.1 kB]
Get:20 http://ubuntu-cloud.archive.canonical.com/ubuntu/ trusty-updates/juno/main glance-registry all 1:2014.2.3-0ubuntu1~cloud1 [7,452 B]
Get:21 http://ubuntu-cloud.archive.canonical.com/ubuntu/ trusty-updates/juno/main glance all 1:2014.2.3-0ubuntu1~cloud1 [1,744 B]
Get:22 http://ubuntu-cloud.archive.canonical.com/ubuntu/ trusty-updates/juno/main python-glanceclient all 1:0.14.0-0ubuntu1~cloud0 [52.5 kB]
Get:23 http://in.archive.ubuntu.com/ubuntu/ trusty/main python-concurrent.futures all 2.1.6-3 [32.8 kB]
Get:24 http://in.archive.ubuntu.com/ubuntu/ trusty/main python-httplib2 all 0.8-2build1 [35.4 kB]
Fetched 1,667 kB in 8s (203 kB/s)
Selecting previously unselected package python-simplejson.
(Reading database ... 93489 files and directories currently installed.)
Preparing to unpack .../python-simplejson_3.3.1-1ubuntu6_amd64.deb ...
Unpacking python-simplejson (3.3.1-1ubuntu6) ...
Selecting previously unselected package python-cinderclient.
Preparing to unpack .../python-cinderclient_1%3a1.1.0-0ubuntu1~cloud0_all.deb ...
Unpacking python-cinderclient (1:1.1.0-0ubuntu1~cloud0) ...
Selecting previously unselected package python-glance-store.
Preparing to unpack .../python-glance-store_0.1.8-1ubuntu2~cloud0_all.deb ...
Unpacking python-glance-store (0.1.8-1ubuntu2~cloud0) ...
Selecting previously unselected package python-json-pointer.
Preparing to unpack .../python-json-pointer_1.0-2build1_all.deb ...
Unpacking python-json-pointer (1.0-2build1) ...
Selecting previously unselected package python-jsonpatch.
Preparing to unpack .../python-jsonpatch_1.3-4_all.deb ...
Unpacking python-jsonpatch (1.3-4) ...
Selecting previously unselected package python-json-patch.
Preparing to unpack .../python-json-patch_1.3-4_all.deb ...
Unpacking python-json-patch (1.3-4) ...
Selecting previously unselected package python-suds.
Preparing to unpack .../python-suds_0.4.1-11ubuntu0.1_all.deb ...
Unpacking python-suds (0.4.1-11ubuntu0.1) ...
Selecting previously unselected package python-oslo.vmware.
Preparing to unpack .../python-oslo.vmware_0.6.0-1ubuntu2~cloud0_all.deb ...
Unpacking python-oslo.vmware (0.6.0-1ubuntu2~cloud0) ...
Selecting previously unselected package python-retrying.
Preparing to unpack .../python-retrying_1.2.3-1ubuntu1~cloud0_all.deb ...
Unpacking python-retrying (1.2.3-1ubuntu1~cloud0) ...
Selecting previously unselected package python-warlock.
Preparing to unpack .../python-warlock_1.1.0-0ubuntu2_all.deb ...
Unpacking python-warlock (1.1.0-0ubuntu2) ...
Selecting previously unselected package python-simplegeneric.
Preparing to unpack .../python-simplegeneric_0.8.1-1_all.deb ...
Unpacking python-simplegeneric (0.8.1-1) ...
Selecting previously unselected package python-ipaddr.
Preparing to unpack .../python-ipaddr_2.1.10-1_all.deb ...
Unpacking python-ipaddr (2.1.10-1) ...
Selecting previously unselected package python-wsme.
Preparing to unpack .../python-wsme_0.6-0ubuntu1_all.deb ...
Unpacking python-wsme (0.6-0ubuntu1) ...
Selecting previously unselected package python-boto.
Preparing to unpack .../python-boto_2.20.1-2ubuntu2_all.deb ...
Unpacking python-boto (2.20.1-2ubuntu2) ...
Selecting previously unselected package python-concurrent.futures.
Preparing to unpack .../python-concurrent.futures_2.1.6-3_all.deb ...
Unpacking python-concurrent.futures (2.1.6-3) ...
Selecting previously unselected package python-httplib2.
Preparing to unpack .../python-httplib2_0.8-2build1_all.deb ...
Unpacking python-httplib2 (0.8-2build1) ...
Selecting previously unselected package python-osprofiler.
Preparing to unpack .../python-osprofiler_0.3.0-0ubuntu1~cloud0_all.deb ...
Unpacking python-osprofiler (0.3.0-0ubuntu1~cloud0) ...
Selecting previously unselected package python-swiftclient.
Preparing to unpack .../python-swiftclient_1%3a2.3.0-0ubuntu1~cloud0_all.deb ...
Unpacking python-swiftclient (1:2.3.0-0ubuntu1~cloud0) ...
Selecting previously unselected package python-glance.
Preparing to unpack .../python-glance_1%3a2014.2.3-0ubuntu1~cloud1_all.deb ...
Unpacking python-glance (1:2014.2.3-0ubuntu1~cloud1) ...
Selecting previously unselected package glance-common.
Preparing to unpack .../glance-common_1%3a2014.2.3-0ubuntu1~cloud1_all.deb ...
Unpacking glance-common (1:2014.2.3-0ubuntu1~cloud1) ...
Selecting previously unselected package glance-api.
Preparing to unpack .../glance-api_1%3a2014.2.3-0ubuntu1~cloud1_all.deb ...
Unpacking glance-api (1:2014.2.3-0ubuntu1~cloud1) ...
Selecting previously unselected package glance-registry.
Preparing to unpack .../glance-registry_1%3a2014.2.3-0ubuntu1~cloud1_all.deb ...
Unpacking glance-registry (1:2014.2.3-0ubuntu1~cloud1) ...
Selecting previously unselected package glance.
Preparing to unpack .../glance_1%3a2014.2.3-0ubuntu1~cloud1_all.deb ...
Unpacking glance (1:2014.2.3-0ubuntu1~cloud1) ...
Selecting previously unselected package python-glanceclient.
Preparing to unpack .../python-glanceclient_1%3a0.14.0-0ubuntu1~cloud0_all.deb ...
Unpacking python-glanceclient (1:0.14.0-0ubuntu1~cloud0) ...
Processing triggers for man-db (2.6.7.1-1ubuntu1) ...
Processing triggers for ureadahead (0.100.0-16) ...
Setting up python-simplejson (3.3.1-1ubuntu6) ...
Setting up python-cinderclient (1:1.1.0-0ubuntu1~cloud0) ...
Setting up python-glance-store (0.1.8-1ubuntu2~cloud0) ...
Setting up python-json-pointer (1.0-2build1) ...
Setting up python-jsonpatch (1.3-4) ...
update-alternatives: using /usr/bin/python2-jsondiff to provide /usr/bin/jsondiff (jsondiff) in auto mode
update-alternatives: using /usr/bin/python2-jsonpatch to provide /usr/bin/jsonpatch (jsonpatch) in auto mode
Setting up python-json-patch (1.3-4) ...
Setting up python-suds (0.4.1-11ubuntu0.1) ...
Setting up python-oslo.vmware (0.6.0-1ubuntu2~cloud0) ...
Setting up python-retrying (1.2.3-1ubuntu1~cloud0) ...
Setting up python-warlock (1.1.0-0ubuntu2) ...
Setting up python-simplegeneric (0.8.1-1) ...
Setting up python-ipaddr (2.1.10-1) ...
Setting up python-wsme (0.6-0ubuntu1) ...
Setting up python-boto (2.20.1-2ubuntu2) ...
Setting up python-concurrent.futures (2.1.6-3) ...
Setting up python-httplib2 (0.8-2build1) ...
Setting up python-osprofiler (0.3.0-0ubuntu1~cloud0) ...
Setting up python-swiftclient (1:2.3.0-0ubuntu1~cloud0) ...
Setting up python-glance (1:2014.2.3-0ubuntu1~cloud1) ...
Setting up glance-common (1:2014.2.3-0ubuntu1~cloud1) ...
Adding system user `glance' (UID 109) ...
Adding new user `glance' (UID 109) with group `glance' ...
Not creating home directory `/var/lib/glance'.
Setting up glance-api (1:2014.2.3-0ubuntu1~cloud1) ...
glance-api start/running, process 10904
Setting up glance-registry (1:2014.2.3-0ubuntu1~cloud1) ...
glance-registry start/running, process 10943
Setting up python-glanceclient (1:0.14.0-0ubuntu1~cloud0) ...
Processing triggers for ureadahead (0.100.0-16) ...
Setting up glance (1:2014.2.3-0ubuntu1~cloud1) ...
-------------------afterkeystoneendpoint.sh line no : 32------------------------
-------------------afterkeystoneendpoint.sh line no : 33------------------------
-------------------afterkeystoneendpoint.sh line no : 34------------------------
-------------------afterkeystoneendpoint.sh line no : 35------------------------
-------------------afterkeystoneendpoint.sh line no : 36------------------------
-------------------afterkeystoneendpoint.sh line no : 37------------------------
glance-registry stop/waiting
glance-registry start/running, process 11000
-------------------afterkeystoneendpoint.sh line no : 38------------------------
glance-api stop/waiting
glance-api start/running, process 11012
-------------------afterkeystoneendpoint.sh line no : 39------------------------
-------------------afterkeystoneendpoint.sh line no : 40------------------------
------%%%%%%%%%%%%%%%%%%------ Verifying Operation - IMAGE SERVICE ------%%%%%%%%%%%%%%%%%%------
-------------------afterkeystoneendpoint.sh line no : 41------------------------
-------------------afterkeystoneendpoint.sh line no : 42------------------------
-------------------afterkeystoneendpoint.sh line no : 43------------------------
+------------------+--------------------------------------+
| Property         | Value                                |
+------------------+--------------------------------------+
| checksum         | 133eae9fb1c98f45894a4e60d8736619     |
| container_format | bare                                 |
| created_at       | 2015-07-06T11:35:39                  |
| deleted          | False                                |
| deleted_at       | None                                 |
| disk_format      | qcow2                                |
| id               | 8ece83ee-fd31-4b0c-b569-705cab98063d |
| is_public        | True                                 |
| min_disk         | 0                                    |
| min_ram          | 0                                    |
| name             | cirros-0.3.3-x86_64                  |
| owner            | 9ea1c359d9db46b9a61ec60a0e25c70b     |
| protected        | False                                |
| size             | 13200896                             |
| status           | active                               |
| updated_at       | 2015-07-06T11:35:39                  |
| virtual_size     | None                                 |
+------------------+--------------------------------------+
-------------------afterkeystoneendpoint.sh line no : 44------------------------
+--------------------------------------+---------------------+-------------+------------------+----------+--------+
| ID                                   | Name                | Disk Format | Container Format | Size     | Status |
+--------------------------------------+---------------------+-------------+------------------+----------+--------+
| 8ece83ee-fd31-4b0c-b569-705cab98063d | cirros-0.3.3-x86_64 | qcow2       | bare             | 13200896 | active |
+--------------------------------------+---------------------+-------------+------------------+----------+--------+
-------------------afterkeystoneendpoint.sh line no : 45------------------------
-------------------afterkeystoneendpoint.sh line no : 46------------------------
-################# Installing COMPUTE Services -###############
-------Copy These Lines and paste as it is by editing password.-------
====== CREATE DATABASE nova ======
====== GRANT ALL PRIVILEGES ON nova.conf nova.conf~ TO nova@localhost  IDENTIFIED BY NOVA_DBPASS ======
====== GRANT ALL PRIVILEGES ON nova.conf nova.conf~ TO nova@%  IDENTIFIED BY NOVA_DBPASS ======
====== exit ======
