-------------------afterkeystoneendpoint.sh line no : 1------------------------
-------------------afterkeystoneendpoint.sh line no : 2------------------------
-------------------afterkeystoneendpoint.sh line no : 3------------------------
-------------------afterkeystoneendpoint.sh line no : 4------------------------
-------------------afterkeystoneendpoint.sh line no : 5------------------------
-------------------afterkeystoneendpoint.sh line no : 6------------------------
--- !!!!! Enter previously copied ADMIN TOKEN !!!!! -----
-------------------afterkeystoneendpoint.sh line no : 7------------------------
-------------------afterkeystoneendpoint.sh line no : 8------------------------
---- ??? Enter Admin Password ??? -----
---- ??? Enter Admin Email Id ??? -----
-------------------afterkeystoneendpoint.sh line no : 9------------------------
-------------------afterkeystoneendpoint.sh line no : 10------------------------
-------------------afterkeystoneendpoint.sh line no : 11------------------------
-------------------afterkeystoneendpoint.sh line no : 12------------------------
-------------------afterkeystoneendpoint.sh line no : 13------------------------
-------------------afterkeystoneendpoint.sh line no : 14------------------------
-------------------afterkeystoneendpoint.sh line no : 15------------------------
-------------------afterkeystoneendpoint.sh line no : 16------------------------
------%%%%%%%%%%%%%%%%%%------ Verifying Operation - IDENTITY SERVICE ------%%%%%%%%%%%%%%%%%%------
-------------------afterkeystoneendpoint.sh line no : 17------------------------
-------------------afterkeystoneendpoint.sh line no : 18------------------------
-------------------afterkeystoneendpoint.sh line no : 19------------------------
-------------------afterkeystoneendpoint.sh line no : 20------------------------
-------------------afterkeystoneendpoint.sh line no : 21------------------------
-------------------afterkeystoneendpoint.sh line no : 22------------------------
-------------------afterkeystoneendpoint.sh line no : 23------------------------
-------------------afterkeystoneendpoint.sh line no : 24------------------------
---=== Copy These Lines and paste as it is by editing password ===---
====== CREATE DATABASE glance ======
====== GRANT ALL PRIVILEGES ON glance.* TO glance@localhost  IDENTIFIED BY GLANCE_DBPASS ======
====== GRANT ALL PRIVILEGES ON glance.* TO glance@%  IDENTIFIED BY GLANCE_DBPASS======
====== -exit ======
