-------------------networkntp.sh line no : 0------------------------
Ign http://ubuntu-cloud.archive.canonical.com trusty-updates/juno InRelease
Hit http://ubuntu-cloud.archive.canonical.com trusty-updates/juno Release.gpg
Ign http://in.archive.ubuntu.com trusty InRelease
Ign http://security.ubuntu.com trusty-security InRelease
Hit http://ubuntu-cloud.archive.canonical.com trusty-updates/juno Release
Ign http://in.archive.ubuntu.com trusty-updates InRelease
Hit http://ubuntu-cloud.archive.canonical.com trusty-updates/juno/main amd64 Packages
Hit http://security.ubuntu.com trusty-security Release.gpg
Hit http://ubuntu-cloud.archive.canonical.com trusty-updates/juno/main i386 Packages
Ign http://in.archive.ubuntu.com trusty-backports InRelease
Hit http://security.ubuntu.com trusty-security Release
Hit http://in.archive.ubuntu.com trusty Release.gpg
Hit http://security.ubuntu.com trusty-security/main Sources
Hit http://in.archive.ubuntu.com trusty-updates Release.gpg
Hit http://security.ubuntu.com trusty-security/restricted Sources
Hit http://in.archive.ubuntu.com trusty-backports Release.gpg
Hit http://security.ubuntu.com trusty-security/universe Sources
Hit http://in.archive.ubuntu.com trusty Release
Hit http://security.ubuntu.com trusty-security/multiverse Sources
Ign http://ubuntu-cloud.archive.canonical.com trusty-updates/juno/main Translation-en_IN
Hit http://in.archive.ubuntu.com trusty-updates Release
Ign http://ubuntu-cloud.archive.canonical.com trusty-updates/juno/main Translation-en
Hit http://security.ubuntu.com trusty-security/main amd64 Packages
Hit http://in.archive.ubuntu.com trusty-backports Release
Hit http://security.ubuntu.com trusty-security/restricted amd64 Packages
Hit http://in.archive.ubuntu.com trusty/main Sources
Hit http://security.ubuntu.com trusty-security/universe amd64 Packages
Hit http://in.archive.ubuntu.com trusty/restricted Sources
Hit http://security.ubuntu.com trusty-security/multiverse amd64 Packages
Hit http://in.archive.ubuntu.com trusty/universe Sources
Hit http://security.ubuntu.com trusty-security/main i386 Packages
Hit http://in.archive.ubuntu.com trusty/multiverse Sources
Hit http://security.ubuntu.com trusty-security/restricted i386 Packages
Hit http://in.archive.ubuntu.com trusty/main amd64 Packages
Hit http://security.ubuntu.com trusty-security/universe i386 Packages
Hit http://in.archive.ubuntu.com trusty/restricted amd64 Packages
Hit http://security.ubuntu.com trusty-security/multiverse i386 Packages
Hit http://in.archive.ubuntu.com trusty/universe amd64 Packages
Hit http://security.ubuntu.com trusty-security/main Translation-en
Hit http://in.archive.ubuntu.com trusty/multiverse amd64 Packages
Hit http://security.ubuntu.com trusty-security/multiverse Translation-en
Hit http://in.archive.ubuntu.com trusty/main i386 Packages
Hit http://security.ubuntu.com trusty-security/restricted Translation-en
Hit http://in.archive.ubuntu.com trusty/restricted i386 Packages
Hit http://security.ubuntu.com trusty-security/universe Translation-en
Hit http://in.archive.ubuntu.com trusty/universe i386 Packages
Hit http://in.archive.ubuntu.com trusty/multiverse i386 Packages
Hit http://in.archive.ubuntu.com trusty/main Translation-en
Hit http://in.archive.ubuntu.com trusty/multiverse Translation-en
Hit http://in.archive.ubuntu.com trusty/restricted Translation-en
Hit http://in.archive.ubuntu.com trusty/universe Translation-en
Hit http://in.archive.ubuntu.com trusty-updates/main Sources
Hit http://in.archive.ubuntu.com trusty-updates/restricted Sources
Hit http://in.archive.ubuntu.com trusty-updates/universe Sources
Hit http://in.archive.ubuntu.com trusty-updates/multiverse Sources
Hit http://in.archive.ubuntu.com trusty-updates/main amd64 Packages
Hit http://in.archive.ubuntu.com trusty-updates/restricted amd64 Packages
Hit http://in.archive.ubuntu.com trusty-updates/universe amd64 Packages
Hit http://in.archive.ubuntu.com trusty-updates/multiverse amd64 Packages
Hit http://in.archive.ubuntu.com trusty-updates/main i386 Packages
Hit http://in.archive.ubuntu.com trusty-updates/restricted i386 Packages
Hit http://in.archive.ubuntu.com trusty-updates/universe i386 Packages
Hit http://in.archive.ubuntu.com trusty-updates/multiverse i386 Packages
Hit http://in.archive.ubuntu.com trusty-updates/main Translation-en
Hit http://in.archive.ubuntu.com trusty-updates/multiverse Translation-en
Hit http://in.archive.ubuntu.com trusty-updates/restricted Translation-en
Hit http://in.archive.ubuntu.com trusty-updates/universe Translation-en
Hit http://in.archive.ubuntu.com trusty-backports/main Sources
Hit http://in.archive.ubuntu.com trusty-backports/restricted Sources
Hit http://in.archive.ubuntu.com trusty-backports/universe Sources
Hit http://in.archive.ubuntu.com trusty-backports/multiverse Sources
Hit http://in.archive.ubuntu.com trusty-backports/main amd64 Packages
Hit http://in.archive.ubuntu.com trusty-backports/restricted amd64 Packages
Hit http://in.archive.ubuntu.com trusty-backports/universe amd64 Packages
Hit http://in.archive.ubuntu.com trusty-backports/multiverse amd64 Packages
Hit http://in.archive.ubuntu.com trusty-backports/main i386 Packages
Hit http://in.archive.ubuntu.com trusty-backports/restricted i386 Packages
Hit http://in.archive.ubuntu.com trusty-backports/universe i386 Packages
Hit http://in.archive.ubuntu.com trusty-backports/multiverse i386 Packages
Hit http://in.archive.ubuntu.com trusty-backports/main Translation-en
Hit http://in.archive.ubuntu.com trusty-backports/multiverse Translation-en
Hit http://in.archive.ubuntu.com trusty-backports/restricted Translation-en
Hit http://in.archive.ubuntu.com trusty-backports/universe Translation-en
Ign http://in.archive.ubuntu.com trusty/main Translation-en_IN
Ign http://in.archive.ubuntu.com trusty/multiverse Translation-en_IN
Ign http://in.archive.ubuntu.com trusty/restricted Translation-en_IN
Ign http://in.archive.ubuntu.com trusty/universe Translation-en_IN
Reading package lists...
-------------------networkntp.sh line no : 1------------------------
Reading package lists...
Building dependency tree...
Reading state information...
ntp is already the newest version.
0 upgraded, 0 newly installed, 0 to remove and 0 not upgraded.
-------------------networkntp.sh line no : 2------------------------
-------------------networkntp.sh line no : 3------------------------
-----------copy----------------------
--------------------copy done---------------
-------------------networkntp.sh line no : 4------------------------
 * Stopping NTP server ntpd
   ...done.
 * Starting NTP server ntpd
   ...done.
-------------------networkntp.sh line no : 5------------------------
dhcp_agent.ini dnsmasq-neutron.conf Error_.networkntp.sh._.2015-07-06.15:34:03.err Error_.networkntp.sh._.2015-07-06.15:38:10.err interfaces interfaces~ l3_agent.ini Log_.networkntp.sh._.2015-07-06.15:34:03.log Log_.networkntp.sh._.2015-07-06.15:38:10.log metadata_agent.ini ml2_conf.ini networkconf.zip networknetworksecond.sh networknetworksecond.sh~ networknetwork.sh networknetwork.sh~ networkntp.sh networkntp.sh~ network.sh~ neutron.conf ntp~ ntp.conf ntp.conf~ pullstack startnetwork.sh startnetwork.sh~ start.sh~ sysctl.conf test.sh RETURNING FROM NETWORK NODE dhcp_agent.ini dnsmasq-neutron.conf Error_.networkntp.sh._.2015-07-06.15:34:03.err Error_.networkntp.sh._.2015-07-06.15:38:10.err interfaces interfaces~ l3_agent.ini Log_.networkntp.sh._.2015-07-06.15:34:03.log Log_.networkntp.sh._.2015-07-06.15:38:10.log metadata_agent.ini ml2_conf.ini networkconf.zip networknetworksecond.sh networknetworksecond.sh~ networknetwork.sh networknetwork.sh~ networkntp.sh networkntp.sh~ network.sh~ neutron.conf ntp~ ntp.conf ntp.conf~ pullstack startnetwork.sh startnetwork.sh~ start.sh~ sysctl.conf test.sh
