-------------------networkntp.sh line no : 0------------------------
Ign http://in.archive.ubuntu.com trusty InRelease
Ign http://security.ubuntu.com trusty-security InRelease
Ign http://in.archive.ubuntu.com trusty-updates InRelease
Ign http://ubuntu-cloud.archive.canonical.com trusty-updates/juno InRelease
Hit http://security.ubuntu.com trusty-security Release.gpg
Ign http://in.archive.ubuntu.com trusty-backports InRelease
Get:1 http://ubuntu-cloud.archive.canonical.com trusty-updates/juno Release.gpg [543 B]
Get:2 http://ubuntu-cloud.archive.canonical.com trusty-updates/juno Release [4,347 B]
Hit http://in.archive.ubuntu.com trusty Release.gpg
Hit http://security.ubuntu.com trusty-security Release
Get:3 http://ubuntu-cloud.archive.canonical.com trusty-updates/juno/main amd64 Packages [49.8 kB]
Get:4 http://in.archive.ubuntu.com trusty-updates Release.gpg [933 B]
Hit http://security.ubuntu.com trusty-security/main Sources
Hit http://in.archive.ubuntu.com trusty-backports Release.gpg
Hit http://in.archive.ubuntu.com trusty Release
Get:5 http://ubuntu-cloud.archive.canonical.com trusty-updates/juno/main i386 Packages [49.8 kB]
Hit http://security.ubuntu.com trusty-security/restricted Sources
Get:6 http://in.archive.ubuntu.com trusty-updates Release [63.5 kB]
Hit http://security.ubuntu.com trusty-security/universe Sources
Hit http://security.ubuntu.com trusty-security/multiverse Sources
Hit http://in.archive.ubuntu.com trusty-backports Release
Hit http://security.ubuntu.com trusty-security/main amd64 Packages
Hit http://in.archive.ubuntu.com trusty/main Sources
Hit http://security.ubuntu.com trusty-security/restricted amd64 Packages
Hit http://in.archive.ubuntu.com trusty/restricted Sources
Hit http://in.archive.ubuntu.com trusty/universe Sources
Hit http://security.ubuntu.com trusty-security/universe amd64 Packages
Ign http://ubuntu-cloud.archive.canonical.com trusty-updates/juno/main Translation-en_IN
Hit http://in.archive.ubuntu.com trusty/multiverse Sources
Ign http://ubuntu-cloud.archive.canonical.com trusty-updates/juno/main Translation-en
Hit http://security.ubuntu.com trusty-security/multiverse amd64 Packages
Hit http://in.archive.ubuntu.com trusty/main amd64 Packages
Hit http://security.ubuntu.com trusty-security/main i386 Packages
Hit http://in.archive.ubuntu.com trusty/restricted amd64 Packages
Hit http://in.archive.ubuntu.com trusty/universe amd64 Packages
Hit http://security.ubuntu.com trusty-security/restricted i386 Packages
Hit http://in.archive.ubuntu.com trusty/multiverse amd64 Packages
Hit http://security.ubuntu.com trusty-security/universe i386 Packages
Hit http://in.archive.ubuntu.com trusty/main i386 Packages
Hit http://security.ubuntu.com trusty-security/multiverse i386 Packages
Hit http://in.archive.ubuntu.com trusty/restricted i386 Packages
Hit http://in.archive.ubuntu.com trusty/universe i386 Packages
Hit http://security.ubuntu.com trusty-security/main Translation-en
Hit http://security.ubuntu.com trusty-security/multiverse Translation-en
Hit http://in.archive.ubuntu.com trusty/multiverse i386 Packages
Hit http://security.ubuntu.com trusty-security/restricted Translation-en
Hit http://in.archive.ubuntu.com trusty/main Translation-en
Hit http://security.ubuntu.com trusty-security/universe Translation-en
Hit http://in.archive.ubuntu.com trusty/multiverse Translation-en
Hit http://in.archive.ubuntu.com trusty/restricted Translation-en
Hit http://in.archive.ubuntu.com trusty/universe Translation-en
Get:7 http://in.archive.ubuntu.com trusty-updates/main Sources [212 kB]
Get:8 http://in.archive.ubuntu.com trusty-updates/restricted Sources [3,433 B]
Get:9 http://in.archive.ubuntu.com trusty-updates/universe Sources [123 kB]
Get:10 http://in.archive.ubuntu.com trusty-updates/multiverse Sources [5,151 B]
Get:11 http://in.archive.ubuntu.com trusty-updates/main amd64 Packages [562 kB]
Get:12 http://in.archive.ubuntu.com trusty-updates/restricted amd64 Packages [11.8 kB]
Get:13 http://in.archive.ubuntu.com trusty-updates/universe amd64 Packages [292 kB]
Get:14 http://in.archive.ubuntu.com trusty-updates/multiverse amd64 Packages [11.9 kB]
Get:15 http://in.archive.ubuntu.com trusty-updates/main i386 Packages [548 kB]
Get:16 http://in.archive.ubuntu.com trusty-updates/restricted i386 Packages [11.8 kB]
Get:17 http://in.archive.ubuntu.com trusty-updates/universe i386 Packages [292 kB]
Get:18 http://in.archive.ubuntu.com trusty-updates/multiverse i386 Packages [12.1 kB]
Hit http://in.archive.ubuntu.com trusty-updates/main Translation-en
Hit http://in.archive.ubuntu.com trusty-updates/multiverse Translation-en
Hit http://in.archive.ubuntu.com trusty-updates/restricted Translation-en
Hit http://in.archive.ubuntu.com trusty-updates/universe Translation-en
Hit http://in.archive.ubuntu.com trusty-backports/main Sources
Hit http://in.archive.ubuntu.com trusty-backports/restricted Sources
Hit http://in.archive.ubuntu.com trusty-backports/universe Sources
Hit http://in.archive.ubuntu.com trusty-backports/multiverse Sources
Hit http://in.archive.ubuntu.com trusty-backports/main amd64 Packages
Hit http://in.archive.ubuntu.com trusty-backports/restricted amd64 Packages
Hit http://in.archive.ubuntu.com trusty-backports/universe amd64 Packages
Hit http://in.archive.ubuntu.com trusty-backports/multiverse amd64 Packages
Hit http://in.archive.ubuntu.com trusty-backports/main i386 Packages
Hit http://in.archive.ubuntu.com trusty-backports/restricted i386 Packages
Hit http://in.archive.ubuntu.com trusty-backports/universe i386 Packages
Hit http://in.archive.ubuntu.com trusty-backports/multiverse i386 Packages
Hit http://in.archive.ubuntu.com trusty-backports/main Translation-en
Hit http://in.archive.ubuntu.com trusty-backports/multiverse Translation-en
Hit http://in.archive.ubuntu.com trusty-backports/restricted Translation-en
Hit http://in.archive.ubuntu.com trusty-backports/universe Translation-en
Ign http://in.archive.ubuntu.com trusty/main Translation-en_IN
Ign http://in.archive.ubuntu.com trusty/multiverse Translation-en_IN
Ign http://in.archive.ubuntu.com trusty/restricted Translation-en_IN
Ign http://in.archive.ubuntu.com trusty/universe Translation-en_IN
Fetched 2,255 kB in 35s (64.3 kB/s)
Reading package lists...
-------------------networkntp.sh line no : 1------------------------
Reading package lists...
Building dependency tree...
Reading state information...
The following extra packages will be installed:
  libopts25
Suggested packages:
  ntp-doc
The following NEW packages will be installed:
  libopts25 ntp
0 upgraded, 2 newly installed, 0 to remove and 0 not upgraded.
Need to get 473 kB of archives.
After this operation, 1,676 kB of additional disk space will be used.
Do you want to continue? [Y/n] Get:1 http://in.archive.ubuntu.com/ubuntu/ trusty/main libopts25 amd64 1:5.18-2ubuntu2 [55.3 kB]
Get:2 http://in.archive.ubuntu.com/ubuntu/ trusty-updates/main ntp amd64 1:4.2.6.p5+dfsg-3ubuntu2.14.04.3 [418 kB]
Fetched 473 kB in 4s (108 kB/s)
Selecting previously unselected package libopts25:amd64.
(Reading database ... 86443 files and directories currently installed.)
Preparing to unpack .../libopts25_1%3a5.18-2ubuntu2_amd64.deb ...
Unpacking libopts25:amd64 (1:5.18-2ubuntu2) ...
Selecting previously unselected package ntp.
Preparing to unpack .../ntp_1%3a4.2.6.p5+dfsg-3ubuntu2.14.04.3_amd64.deb ...
Unpacking ntp (1:4.2.6.p5+dfsg-3ubuntu2.14.04.3) ...
Processing triggers for man-db (2.6.7.1-1ubuntu1) ...
Processing triggers for ureadahead (0.100.0-16) ...
ureadahead will be reprofiled on next reboot
Setting up libopts25:amd64 (1:5.18-2ubuntu2) ...
Setting up ntp (1:4.2.6.p5+dfsg-3ubuntu2.14.04.3) ...
 * Starting NTP server ntpd
   ...done.
Processing triggers for libc-bin (2.19-0ubuntu6.6) ...
Processing triggers for ureadahead (0.100.0-16) ...
-------------------networkntp.sh line no : 2------------------------
-------------------networkntp.sh line no : 3------------------------
-----------copy----------------------
--------------------copy done---------------
-------------------networkntp.sh line no : 4------------------------
 * Stopping NTP server ntpd
   ...done.
 * Starting NTP server ntpd
   ...done.
-------------------networkntp.sh line no : 5------------------------
dhcp_agent.ini dnsmasq-neutron.conf Error_.networkntp.sh._.2015-07-06.15:34:03.err interfaces interfaces~ l3_agent.ini Log_.networkntp.sh._.2015-07-06.15:34:03.log metadata_agent.ini ml2_conf.ini networkconf.zip networknetworksecond.sh networknetworksecond.sh~ networknetwork.sh networknetwork.sh~ networkntp.sh networkntp.sh~ network.sh~ neutron.conf ntp~ ntp.conf ntp.conf~ pullstack startnetwork.sh startnetwork.sh~ start.sh~ sysctl.conf test.sh RETURNING FROM NETWORK NODE dhcp_agent.ini dnsmasq-neutron.conf Error_.networkntp.sh._.2015-07-06.15:34:03.err interfaces interfaces~ l3_agent.ini Log_.networkntp.sh._.2015-07-06.15:34:03.log metadata_agent.ini ml2_conf.ini networkconf.zip networknetworksecond.sh networknetworksecond.sh~ networknetwork.sh networknetwork.sh~ networkntp.sh networkntp.sh~ network.sh~ neutron.conf ntp~ ntp.conf ntp.conf~ pullstack startnetwork.sh startnetwork.sh~ start.sh~ sysctl.conf test.sh
