-------------------controllerthird.sh line no : 1------------------------
-------------------controllerthird.sh line no : 2------------------------
-------------------controllerthird.sh line no : 3------------------------
keystone stop/waiting
keystone start/running, process 8253
-------------------controllerthird.sh line no : 4------------------------
-------------------controllerthird.sh line no : 5------------------------
-------------------controllerthird.sh line no : 6------------------------
--- !!!!! Enter previously copied ADMIN TOKEN !!!!! -----
-------------------controllerthird.sh line no : 7------------------------
+-------------+----------------------------------+
|   Property  |              Value               |
+-------------+----------------------------------+
| description |           Admin Tenant           |
|   enabled   |               True               |
|      id     | 9ea1c359d9db46b9a61ec60a0e25c70b |
|     name    |              admin               |
+-------------+----------------------------------+
-------------------controllerthird.sh line no : 8------------------------
---- ??? Enter Admin Password ??? -----
---- ??? Enter Admin Email Id ??? -----
+----------+----------------------------------+
| Property |              Value               |
+----------+----------------------------------+
|  email   |         rishi@cliqr.com          |
| enabled  |               True               |
|    id    | 16682dcac7614d99a3fbb0d18adac2ff |
|   name   |              admin               |
| username |              admin               |
+----------+----------------------------------+
-------------------controllerthird.sh line no : 9------------------------
+----------+----------------------------------+
| Property |              Value               |
+----------+----------------------------------+
|    id    | 6deb23aee7d348a88938eb646812fb2a |
|   name   |              admin               |
+----------+----------------------------------+
-------------------controllerthird.sh line no : 10------------------------
-------------------controllerthird.sh line no : 11------------------------
+-------------+----------------------------------+
|   Property  |              Value               |
+-------------+----------------------------------+
| description |           Demo Tenant            |
|   enabled   |               True               |
|      id     | 5c2cd0e34ab749e98a8d42bd41cd6598 |
|     name    |               demo               |
+-------------+----------------------------------+
-------------------controllerthird.sh line no : 12------------------------
+----------+----------------------------------+
| Property |              Value               |
+----------+----------------------------------+
|  email   |         rishi@cliqr.com          |
| enabled  |               True               |
|    id    | 9d73cef6e61e405ca72c6a07a6e6887e |
|   name   |               demo               |
| tenantId | 5c2cd0e34ab749e98a8d42bd41cd6598 |
| username |               demo               |
+----------+----------------------------------+
-------------------controllerthird.sh line no : 13------------------------
+-------------+----------------------------------+
|   Property  |              Value               |
+-------------+----------------------------------+
| description |          Service Tenant          |
|   enabled   |               True               |
|      id     | c785a7126f594bdfa22b0082b03318fe |
|     name    |             service              |
+-------------+----------------------------------+
-------------------controllerthird.sh line no : 14------------------------
+-------------+----------------------------------+
|   Property  |              Value               |
+-------------+----------------------------------+
| description |        OpenStack Identity        |
|   enabled   |               True               |
|      id     | 2d90fc2200a140fea6051e38446d074c |
|     name    |             keystone             |
|     type    |             identity             |
+-------------+----------------------------------+
-------------------controllerthird.sh line no : 15------------------------
-------------------controllerthird.sh line no : 16------------------------
