-################# Installing COMPUTE Services -###############
-------Copy These Lines and paste as it is by editing password.-------
====== CREATE DATABASE nova ======
====== GRANT ALL PRIVILEGES ON nova.conf nova.conf~ TO nova@localhost  IDENTIFIED BY NOVA_DBPASS ======
====== GRANT ALL PRIVILEGES ON nova.conf nova.conf~ TO nova@%  IDENTIFIED BY NOVA_DBPASS ======
====== -exit ======
-------------------fifth.sh line no : 1------------------------
-------------------fifth.sh line no : 2------------------------
keystone usercreate
+----------+----------------------------------+
| Property |              Value               |
+----------+----------------------------------+
|  email   |                                  |
| enabled  |               True               |
|    id    | 19a67623bed845a1a26121f6cfb66f32 |
|   name   |               nova               |
| username |               nova               |
+----------+----------------------------------+
-------------------fifth.sh line no : 3------------------------
-------------------fifth.sh line no : 4------------------------
+-------------+----------------------------------+
|   Property  |              Value               |
+-------------+----------------------------------+
| description |        OpenStack Compute         |
|   enabled   |               True               |
|      id     | 3482473fc27c4fbe82f70c689695565e |
|     name    |               nova               |
|     type    |             compute              |
+-------------+----------------------------------+
-------------------fifth.sh line no : 5------------------------
+-------------+-------------------------------------------+
|   Property  |                   Value                   |
+-------------+-------------------------------------------+
|   adminurl  | http://controller10:8774/v2/%(tenant_id)s |
|      id     |      9b8ed598e7974861873dbcbe0717907f     |
| internalurl | http://controller10:8774/v2/%(tenant_id)s |
|  publicurl  | http://controller10:8774/v2/%(tenant_id)s |
|    region   |                 regionOne                 |
|  service_id |      3482473fc27c4fbe82f70c689695565e     |
+-------------+-------------------------------------------+
-------------------fifth.sh line no : 6------------------------
Reading package lists...
Building dependency tree...
Reading state information...
The following extra packages will be installed:
  libblas3 libgfortran3 libjs-swfobject liblapack3 libquadmath0 nova-common
  novnc python-amqplib python-cliff python-cliff-doc python-cmd2 python-ecdsa
  python-jinja2 python-m2crypto python-neutronclient python-nova python-novnc
  python-numpy python-oslo.rootwrap python-paramiko python-pyasn1
  python-pyparsing python-rfc3986 websockify
Suggested packages:
  python-amqplib-doc python-jinja2-doc gcc gfortran python-dev python-nose
  python-numpy-dbg python-numpy-doc doc-base
The following NEW packages will be installed:
  libblas3 libgfortran3 libjs-swfobject liblapack3 libquadmath0 nova-api
  nova-cert nova-common nova-conductor nova-consoleauth nova-novncproxy
  nova-scheduler novnc python-amqplib python-cliff python-cliff-doc
  python-cmd2 python-ecdsa python-jinja2 python-m2crypto python-neutronclient
  python-nova python-novaclient python-novnc python-numpy python-oslo.rootwrap
  python-paramiko python-pyasn1 python-pyparsing python-rfc3986 websockify
0 upgraded, 31 newly installed, 0 to remove and 0 not upgraded.
Need to get 7,037 kB of archives.
After this operation, 46.0 MB of additional disk space will be used.
Get:1 http://ubuntu-cloud.archive.canonical.com/ubuntu/ trusty-updates/juno/main python-cliff all 1.7.0-0ubuntu3~cloud0 [19.2 kB]
Get:2 http://ubuntu-cloud.archive.canonical.com/ubuntu/ trusty-updates/juno/main python-neutronclient all 1:2.3.8-0ubuntu1~cloud0 [96.1 kB]
Get:3 http://ubuntu-cloud.archive.canonical.com/ubuntu/ trusty-updates/juno/main python-ecdsa all 0.11-1~cloud0 [33.8 kB]
Get:4 http://ubuntu-cloud.archive.canonical.com/ubuntu/ trusty-updates/juno/main python-paramiko all 1.15.1-1~cloud0 [106 kB]
Get:5 http://in.archive.ubuntu.com/ubuntu/ trusty-updates/main libquadmath0 amd64 4.8.4-2ubuntu1~14.04 [126 kB]
Get:6 http://ubuntu-cloud.archive.canonical.com/ubuntu/ trusty-updates/juno/main python-oslo.rootwrap all 1.3.0.0-0ubuntu1~cloud0 [22.6 kB]
Get:7 http://ubuntu-cloud.archive.canonical.com/ubuntu/ trusty-updates/juno/main python-rfc3986 all 0.2.0-2~cloud0 [10.5 kB]
Get:8 http://ubuntu-cloud.archive.canonical.com/ubuntu/ trusty-updates/juno/main python-nova all 1:2014.2.3-0ubuntu1~cloud0 [1,959 kB]
Get:9 http://in.archive.ubuntu.com/ubuntu/ trusty-updates/main libgfortran3 amd64 4.8.4-2ubuntu1~14.04 [249 kB]
Get:10 http://in.archive.ubuntu.com/ubuntu/ trusty/universe libjs-swfobject all 2.2+dfsg-1 [8,474 B]
Get:11 http://ubuntu-cloud.archive.canonical.com/ubuntu/ trusty-updates/juno/main websockify amd64 0.6.0+dfsg1-1~cloud0 [37.7 kB]
Get:12 http://ubuntu-cloud.archive.canonical.com/ubuntu/ trusty-updates/juno/main python-cliff-doc all 1.7.0-0ubuntu3~cloud0 [43.3 kB]
Get:13 http://in.archive.ubuntu.com/ubuntu/ trusty/main python-amqplib all 1.0.2-1 [34.9 kB]
Get:14 http://ubuntu-cloud.archive.canonical.com/ubuntu/ trusty-updates/juno/main python-novaclient all 1:2.19.0-0ubuntu1~cloud0 [157 kB]
Get:15 http://ubuntu-cloud.archive.canonical.com/ubuntu/ trusty-updates/juno/main nova-common all 1:2014.2.3-0ubuntu1~cloud0 [11.3 kB]
Get:16 http://ubuntu-cloud.archive.canonical.com/ubuntu/ trusty-updates/juno/main nova-api all 1:2014.2.3-0ubuntu1~cloud0 [4,734 B]
Get:17 http://in.archive.ubuntu.com/ubuntu/ trusty/main python-jinja2 all 2.7.2-2 [161 kB]
Get:18 http://ubuntu-cloud.archive.canonical.com/ubuntu/ trusty-updates/juno/main nova-cert all 1:2014.2.3-0ubuntu1~cloud0 [4,396 B]
Get:19 http://ubuntu-cloud.archive.canonical.com/ubuntu/ trusty-updates/juno/main nova-conductor all 1:2014.2.3-0ubuntu1~cloud0 [4,348 B]
Get:20 http://ubuntu-cloud.archive.canonical.com/ubuntu/ trusty-updates/juno/main nova-consoleauth all 1:2014.2.3-0ubuntu1~cloud0 [4,466 B]
Get:21 http://ubuntu-cloud.archive.canonical.com/ubuntu/ trusty-updates/juno/main nova-novncproxy all 1:2014.2.3-0ubuntu1~cloud0 [4,444 B]
Get:22 http://ubuntu-cloud.archive.canonical.com/ubuntu/ trusty-updates/juno/main nova-scheduler all 1:2014.2.3-0ubuntu1~cloud0 [4,324 B]
Get:23 http://in.archive.ubuntu.com/ubuntu/ trusty/main python-m2crypto amd64 0.21.1-3ubuntu5 [156 kB]
Get:24 http://in.archive.ubuntu.com/ubuntu/ trusty/main python-pyparsing all 2.0.1+dfsg1-1build1 [34.3 kB]
Get:25 http://in.archive.ubuntu.com/ubuntu/ trusty/main python-cmd2 all 0.6.7-2fakesync1build1 [22.2 kB]
Get:26 http://in.archive.ubuntu.com/ubuntu/ trusty/main python-pyasn1 all 0.1.7-1ubuntu2 [44.2 kB]
Get:27 http://in.archive.ubuntu.com/ubuntu/ trusty/universe python-novnc all 1:0.4+dfsg+1+20131010+gitf68af8af3d-2 [18.9 kB]
Get:28 http://in.archive.ubuntu.com/ubuntu/ trusty/main libblas3 amd64 1.2.20110419-7 [215 kB]
Get:29 http://in.archive.ubuntu.com/ubuntu/ trusty/main liblapack3 amd64 3.5.0-2ubuntu1 [1,730 kB]
Get:30 http://in.archive.ubuntu.com/ubuntu/ trusty-updates/main python-numpy amd64 1:1.8.2-0ubuntu0.1 [1,603 kB]
Get:31 http://in.archive.ubuntu.com/ubuntu/ trusty/universe novnc all 1:0.4+dfsg+1+20131010+gitf68af8af3d-2 [112 kB]
Fetched 7,037 kB in 23s (306 kB/s)
Selecting previously unselected package libquadmath0:amd64.
(Reading database ... 95001 files and directories currently installed.)
Preparing to unpack .../libquadmath0_4.8.4-2ubuntu1~14.04_amd64.deb ...
Unpacking libquadmath0:amd64 (4.8.4-2ubuntu1~14.04) ...
Selecting previously unselected package libgfortran3:amd64.
Preparing to unpack .../libgfortran3_4.8.4-2ubuntu1~14.04_amd64.deb ...
Unpacking libgfortran3:amd64 (4.8.4-2ubuntu1~14.04) ...
Selecting previously unselected package libjs-swfobject.
Preparing to unpack .../libjs-swfobject_2.2+dfsg-1_all.deb ...
Unpacking libjs-swfobject (2.2+dfsg-1) ...
Selecting previously unselected package python-amqplib.
Preparing to unpack .../python-amqplib_1.0.2-1_all.deb ...
Unpacking python-amqplib (1.0.2-1) ...
Selecting previously unselected package python-jinja2.
Preparing to unpack .../python-jinja2_2.7.2-2_all.deb ...
Unpacking python-jinja2 (2.7.2-2) ...
Selecting previously unselected package python-m2crypto.
Preparing to unpack .../python-m2crypto_0.21.1-3ubuntu5_amd64.deb ...
Unpacking python-m2crypto (0.21.1-3ubuntu5) ...
Selecting previously unselected package python-pyparsing.
Preparing to unpack .../python-pyparsing_2.0.1+dfsg1-1build1_all.deb ...
Unpacking python-pyparsing (2.0.1+dfsg1-1build1) ...
Selecting previously unselected package python-cmd2.
Preparing to unpack .../python-cmd2_0.6.7-2fakesync1build1_all.deb ...
Unpacking python-cmd2 (0.6.7-2fakesync1build1) ...
Selecting previously unselected package python-cliff.
Preparing to unpack .../python-cliff_1.7.0-0ubuntu3~cloud0_all.deb ...
Unpacking python-cliff (1.7.0-0ubuntu3~cloud0) ...
Selecting previously unselected package python-neutronclient.
Preparing to unpack .../python-neutronclient_1%3a2.3.8-0ubuntu1~cloud0_all.deb ...
Unpacking python-neutronclient (1:2.3.8-0ubuntu1~cloud0) ...
Selecting previously unselected package python-ecdsa.
Preparing to unpack .../python-ecdsa_0.11-1~cloud0_all.deb ...
Unpacking python-ecdsa (0.11-1~cloud0) ...
Selecting previously unselected package python-paramiko.
Preparing to unpack .../python-paramiko_1.15.1-1~cloud0_all.deb ...
Unpacking python-paramiko (1.15.1-1~cloud0) ...
Selecting previously unselected package python-pyasn1.
Preparing to unpack .../python-pyasn1_0.1.7-1ubuntu2_all.deb ...
Unpacking python-pyasn1 (0.1.7-1ubuntu2) ...
Selecting previously unselected package python-oslo.rootwrap.
Preparing to unpack .../python-oslo.rootwrap_1.3.0.0-0ubuntu1~cloud0_all.deb ...
Unpacking python-oslo.rootwrap (1.3.0.0-0ubuntu1~cloud0) ...
Selecting previously unselected package python-rfc3986.
Preparing to unpack .../python-rfc3986_0.2.0-2~cloud0_all.deb ...
Unpacking python-rfc3986 (0.2.0-2~cloud0) ...
Selecting previously unselected package python-nova.
Preparing to unpack .../python-nova_1%3a2014.2.3-0ubuntu1~cloud0_all.deb ...
Unpacking python-nova (1:2014.2.3-0ubuntu1~cloud0) ...
Selecting previously unselected package python-novnc.
Preparing to unpack .../python-novnc_1%3a0.4+dfsg+1+20131010+gitf68af8af3d-2_all.deb ...
Unpacking python-novnc (1:0.4+dfsg+1+20131010+gitf68af8af3d-2) ...
Selecting previously unselected package libblas3.
Preparing to unpack .../libblas3_1.2.20110419-7_amd64.deb ...
Unpacking libblas3 (1.2.20110419-7) ...
Selecting previously unselected package liblapack3.
Preparing to unpack .../liblapack3_3.5.0-2ubuntu1_amd64.deb ...
Unpacking liblapack3 (3.5.0-2ubuntu1) ...
Selecting previously unselected package python-numpy.
Preparing to unpack .../python-numpy_1%3a1.8.2-0ubuntu0.1_amd64.deb ...
Unpacking python-numpy (1:1.8.2-0ubuntu0.1) ...
Selecting previously unselected package websockify.
Preparing to unpack .../websockify_0.6.0+dfsg1-1~cloud0_amd64.deb ...
Unpacking websockify (0.6.0+dfsg1-1~cloud0) ...
Selecting previously unselected package novnc.
Preparing to unpack .../novnc_1%3a0.4+dfsg+1+20131010+gitf68af8af3d-2_all.deb ...
Unpacking novnc (1:0.4+dfsg+1+20131010+gitf68af8af3d-2) ...
Selecting previously unselected package python-cliff-doc.
Preparing to unpack .../python-cliff-doc_1.7.0-0ubuntu3~cloud0_all.deb ...
Unpacking python-cliff-doc (1.7.0-0ubuntu3~cloud0) ...
Selecting previously unselected package python-novaclient.
Preparing to unpack .../python-novaclient_1%3a2.19.0-0ubuntu1~cloud0_all.deb ...
Unpacking python-novaclient (1:2.19.0-0ubuntu1~cloud0) ...
Selecting previously unselected package nova-common.
Preparing to unpack .../nova-common_1%3a2014.2.3-0ubuntu1~cloud0_all.deb ...
Unpacking nova-common (1:2014.2.3-0ubuntu1~cloud0) ...
Selecting previously unselected package nova-api.
Preparing to unpack .../nova-api_1%3a2014.2.3-0ubuntu1~cloud0_all.deb ...
Unpacking nova-api (1:2014.2.3-0ubuntu1~cloud0) ...
Selecting previously unselected package nova-cert.
Preparing to unpack .../nova-cert_1%3a2014.2.3-0ubuntu1~cloud0_all.deb ...
Unpacking nova-cert (1:2014.2.3-0ubuntu1~cloud0) ...
Selecting previously unselected package nova-conductor.
Preparing to unpack .../nova-conductor_1%3a2014.2.3-0ubuntu1~cloud0_all.deb ...
Unpacking nova-conductor (1:2014.2.3-0ubuntu1~cloud0) ...
Selecting previously unselected package nova-consoleauth.
Preparing to unpack .../nova-consoleauth_1%3a2014.2.3-0ubuntu1~cloud0_all.deb ...
Unpacking nova-consoleauth (1:2014.2.3-0ubuntu1~cloud0) ...
Selecting previously unselected package nova-novncproxy.
Preparing to unpack .../nova-novncproxy_1%3a2014.2.3-0ubuntu1~cloud0_all.deb ...
Unpacking nova-novncproxy (1:2014.2.3-0ubuntu1~cloud0) ...
Selecting previously unselected package nova-scheduler.
Preparing to unpack .../nova-scheduler_1%3a2014.2.3-0ubuntu1~cloud0_all.deb ...
Unpacking nova-scheduler (1:2014.2.3-0ubuntu1~cloud0) ...
Processing triggers for man-db (2.6.7.1-1ubuntu1) ...
Processing triggers for ureadahead (0.100.0-16) ...
Setting up libquadmath0:amd64 (4.8.4-2ubuntu1~14.04) ...
Setting up libgfortran3:amd64 (4.8.4-2ubuntu1~14.04) ...
Setting up libjs-swfobject (2.2+dfsg-1) ...
Setting up python-amqplib (1.0.2-1) ...
Setting up python-jinja2 (2.7.2-2) ...
Setting up python-m2crypto (0.21.1-3ubuntu5) ...
Setting up python-pyparsing (2.0.1+dfsg1-1build1) ...
Setting up python-cmd2 (0.6.7-2fakesync1build1) ...
Setting up python-cliff (1.7.0-0ubuntu3~cloud0) ...
Setting up python-neutronclient (1:2.3.8-0ubuntu1~cloud0) ...
Setting up python-ecdsa (0.11-1~cloud0) ...
Setting up python-paramiko (1.15.1-1~cloud0) ...
Setting up python-pyasn1 (0.1.7-1ubuntu2) ...
Setting up python-oslo.rootwrap (1.3.0.0-0ubuntu1~cloud0) ...
Setting up python-rfc3986 (0.2.0-2~cloud0) ...
Setting up python-nova (1:2014.2.3-0ubuntu1~cloud0) ...
Setting up python-novnc (1:0.4+dfsg+1+20131010+gitf68af8af3d-2) ...
Setting up libblas3 (1.2.20110419-7) ...
update-alternatives: using /usr/lib/libblas/libblas.so.3 to provide /usr/lib/libblas.so.3 (libblas.so.3) in auto mode
Setting up liblapack3 (3.5.0-2ubuntu1) ...
update-alternatives: using /usr/lib/lapack/liblapack.so.3 to provide /usr/lib/liblapack.so.3 (liblapack.so.3) in auto mode
Setting up python-numpy (1:1.8.2-0ubuntu0.1) ...
Setting up websockify (0.6.0+dfsg1-1~cloud0) ...
Setting up novnc (1:0.4+dfsg+1+20131010+gitf68af8af3d-2) ...
Setting up python-cliff-doc (1.7.0-0ubuntu3~cloud0) ...
Setting up python-novaclient (1:2.19.0-0ubuntu1~cloud0) ...
Setting up nova-common (1:2014.2.3-0ubuntu1~cloud0) ...
Setting up nova-api (1:2014.2.3-0ubuntu1~cloud0) ...
nova-api start/running, process 12143
Setting up nova-cert (1:2014.2.3-0ubuntu1~cloud0) ...
nova-cert start/running, process 12186
Setting up nova-conductor (1:2014.2.3-0ubuntu1~cloud0) ...
nova-conductor start/running, process 12237
Setting up nova-consoleauth (1:2014.2.3-0ubuntu1~cloud0) ...
nova-consoleauth start/running, process 12290
Setting up nova-novncproxy (1:2014.2.3-0ubuntu1~cloud0) ...
nova-novncproxy start/running, process 12358
Setting up nova-scheduler (1:2014.2.3-0ubuntu1~cloud0) ...
nova-scheduler start/running, process 12399
Processing triggers for libc-bin (2.19-0ubuntu6.6) ...
Processing triggers for ureadahead (0.100.0-16) ...
-------------------fifth.sh line no : 7------------------------
-------------------fifth.sh line no : 8------------------------
-------------------fifth.sh line no : 9------------------------
@@@@@@ Populate the Compute database @@@@@@
-------------------fifth.sh line no : 10------------------------
nova-api stop/waiting
nova-api start/running, process 12456
nova-cert stop/waiting
nova-cert start/running, process 12474
nova-consoleauth stop/waiting
nova-consoleauth start/running, process 12492
nova-scheduler stop/waiting
nova-scheduler start/running, process 12510
nova-conductor stop/waiting
nova-conductor start/running, process 12532
nova-novncproxy stop/waiting
nova-novncproxy start/running, process 12550
-------------------fifth.sh line no : 11------------------------
-------------------fifth.sh line no : 12------------------------
-----------------Going to COMPUTE NODE-------------------
computeconf.zip computenetwork.sh computenetwork.sh~ computenode.sh~ computenova.sh computenova.sh~ computentp.sh computentp.sh~ compute.sh~ Error_.computentp.sh._.2015-07-06.15:38:41.err interfaces interfaces~ Log_.computentp.sh._.2015-07-06.15:38:41.log ml2_conf.ini neutron.conf nova.conf nova.conf~ ntp.conf startcompute.sh startcompute.sh~ sysctl.conf INSIDE COMPUTE NODE computeconf.zip computenetwork.sh computenetwork.sh~ computenode.sh~ computenova.sh computenova.sh~ computentp.sh computentp.sh~ compute.sh~ Error_.computentp.sh._.2015-07-06.15:38:41.err interfaces interfaces~ Log_.computentp.sh._.2015-07-06.15:38:41.log ml2_conf.ini neutron.conf nova.conf nova.conf~ ntp.conf startcompute.sh startcompute.sh~ sysctl.conf
----******--Welcome to Compute Node--******----
cp: cannot stat ‘/home/cliqr/pullstack/autostack/common/resolv.conf’: No such file or directory
-------------------computenova.sh line no : 1------------------------
computeconf.zip computenetwork.sh computenetwork.sh~ computenode.sh~ computenova.sh computenova.sh~ computentp.sh computentp.sh~ compute.sh~ Error_.computenova.sh._.2015-07-06.17:20:02.err Error_.computentp.sh._.2015-07-06.15:38:41.err interfaces interfaces~ Log_.computenova.sh._.2015-07-06.17:20:02.log Log_.computentp.sh._.2015-07-06.15:38:41.log ml2_conf.ini neutron.conf nova.conf nova.conf~ ntp.conf startcompute.sh startcompute.sh~ sysctl.conf RETURNING FROM COMPUTE NODE computeconf.zip computenetwork.sh computenetwork.sh~ computenode.sh~ computenova.sh computenova.sh~ computentp.sh computentp.sh~ compute.sh~ Error_.computenova.sh._.2015-07-06.17:20:02.err Error_.computentp.sh._.2015-07-06.15:38:41.err interfaces interfaces~ Log_.computenova.sh._.2015-07-06.17:20:02.log Log_.computentp.sh._.2015-07-06.15:38:41.log ml2_conf.ini neutron.conf nova.conf nova.conf~ ntp.conf startcompute.sh startcompute.sh~ sysctl.conf
-------------------fifth.sh line no : 13------------------------
-----------------Back from COMPUTE NODE-------------------
------%%%%%%%%%%%%%%%%%%------ Verifying Operation - COMPUTE SERVICE ------%%%%%%%%%%%%%%%%%%------
-------------------fifth.sh line no : 14------------------------
+----+------------------+--------------+----------+---------+-------+------------+-----------------+
| Id | Binary           | Host         | Zone     | Status  | State | Updated_at | Disabled Reason |
+----+------------------+--------------+----------+---------+-------+------------+-----------------+
| 1  | nova-cert        | controller10 | internal | enabled | up    | -          | -               |
| 2  | nova-consoleauth | controller10 | internal | enabled | up    | -          | -               |
| 3  | nova-scheduler   | controller10 | internal | enabled | up    | -          | -               |
| 4  | nova-conductor   | controller10 | internal | enabled | up    | -          | -               |
+----+------------------+--------------+----------+---------+-------+------------+-----------------+
-------------------fifth.sh line no : 15------------------------
+--------------------------------------+---------------------+--------+--------+
| ID                                   | Name                | Status | Server |
+--------------------------------------+---------------------+--------+--------+
| 8ece83ee-fd31-4b0c-b569-705cab98063d | cirros-0.3.3-x86_64 | ACTIVE |        |
+--------------------------------------+---------------------+--------+--------+
-------------------fifth.sh line no : 16------------------------
-################# Installing NETWORK Services -###############
---======--- Installing NETWORK Services - Controller Node ---======---
====== CREATE DATABASE neutron ======
====== GRANT ALL PRIVILEGES ON neutron.* TO neutron@localhost  IDENTIFIED BY NEUTRON_DBPASS ======
====== GRANT ALL PRIVILEGES ON neutron.* TO neutron@%  IDENTIFIED BY NEUTRON_DBPASS ======
====== exit ======
