-------------------sixth.sh line no : 64------------------------
+----------+----------------------------------+
| Property |              Value               |
+----------+----------------------------------+
|  email   |                                  |
| enabled  |               True               |
|    id    | da37c474409f4518ab35135fe38a24d6 |
|   name   |             neutron              |
| username |             neutron              |
+----------+----------------------------------+
-------------------sixth.sh line no : 65------------------------
-------------------sixth.sh line no : 66------------------------
+-------------+----------------------------------+
|   Property  |              Value               |
+-------------+----------------------------------+
| description |       OpenStack Networking       |
|   enabled   |               True               |
|      id     | d5ade8ec351e47ee8eddfa6dee547806 |
|     name    |             neutron              |
|     type    |             network              |
+-------------+----------------------------------+
-------------------sixth.sh line no : 67------------------------
+-------------+----------------------------------+
|   Property  |              Value               |
+-------------+----------------------------------+
|   adminurl  |     http://controller10:9696     |
|      id     | eadd3f0bcc67473aa9b2afa64d20b7d3 |
| internalurl |     http://controller10:9696     |
|  publicurl  |     http://controller10:9696     |
|    region   |            regionOne             |
|  service_id | d5ade8ec351e47ee8eddfa6dee547806 |
+-------------+----------------------------------+
-------------------sixth.sh line no : 68------------------------
Reading package lists...
Building dependency tree...
Reading state information...
python-neutronclient is already the newest version.
python-neutronclient set to manually installed.
The following extra packages will be installed:
  ipset libipset3 libmnl0 neutron-common python-jsonrpclib python-neutron
The following NEW packages will be installed:
  ipset libipset3 libmnl0 neutron-common neutron-plugin-ml2 neutron-server
  python-jsonrpclib python-neutron
0 upgraded, 8 newly installed, 0 to remove and 0 not upgraded.
Need to get 1,401 kB of archives.
After this operation, 13.2 MB of additional disk space will be used.
Get:1 http://ubuntu-cloud.archive.canonical.com/ubuntu/ trusty-updates/juno/main python-neutron all 1:2014.2.3-0ubuntu1~cloud0 [1,265 kB]
Get:2 http://in.archive.ubuntu.com/ubuntu/ trusty/main python-jsonrpclib all 0.1.3-1build1 [14.1 kB]
Get:3 http://in.archive.ubuntu.com/ubuntu/ trusty/main libmnl0 amd64 1.0.3-3ubuntu1 [11.4 kB]
Get:4 http://in.archive.ubuntu.com/ubuntu/ trusty/universe libipset3 amd64 6.20.1-1 [50.8 kB]
Get:5 http://in.archive.ubuntu.com/ubuntu/ trusty/universe ipset amd64 6.20.1-1 [34.2 kB]
Get:6 http://ubuntu-cloud.archive.canonical.com/ubuntu/ trusty-updates/juno/main neutron-common all 1:2014.2.3-0ubuntu1~cloud0 [15.6 kB]
Get:7 http://ubuntu-cloud.archive.canonical.com/ubuntu/ trusty-updates/juno/main neutron-plugin-ml2 all 1:2014.2.3-0ubuntu1~cloud0 [6,836 B]
Get:8 http://ubuntu-cloud.archive.canonical.com/ubuntu/ trusty-updates/juno/main neutron-server all 1:2014.2.3-0ubuntu1~cloud0 [3,578 B]
Fetched 1,401 kB in 10s (132 kB/s)
Selecting previously unselected package python-jsonrpclib.
(Reading database ... 99332 files and directories currently installed.)
Preparing to unpack .../python-jsonrpclib_0.1.3-1build1_all.deb ...
Unpacking python-jsonrpclib (0.1.3-1build1) ...
Selecting previously unselected package libmnl0:amd64.
Preparing to unpack .../libmnl0_1.0.3-3ubuntu1_amd64.deb ...
Unpacking libmnl0:amd64 (1.0.3-3ubuntu1) ...
Selecting previously unselected package libipset3:amd64.
Preparing to unpack .../libipset3_6.20.1-1_amd64.deb ...
Unpacking libipset3:amd64 (6.20.1-1) ...
Selecting previously unselected package ipset.
Preparing to unpack .../ipset_6.20.1-1_amd64.deb ...
Unpacking ipset (6.20.1-1) ...
Selecting previously unselected package python-neutron.
Preparing to unpack .../python-neutron_1%3a2014.2.3-0ubuntu1~cloud0_all.deb ...
Unpacking python-neutron (1:2014.2.3-0ubuntu1~cloud0) ...
Selecting previously unselected package neutron-common.
Preparing to unpack .../neutron-common_1%3a2014.2.3-0ubuntu1~cloud0_all.deb ...
Unpacking neutron-common (1:2014.2.3-0ubuntu1~cloud0) ...
Selecting previously unselected package neutron-plugin-ml2.
Preparing to unpack .../neutron-plugin-ml2_1%3a2014.2.3-0ubuntu1~cloud0_all.deb ...
Unpacking neutron-plugin-ml2 (1:2014.2.3-0ubuntu1~cloud0) ...
Selecting previously unselected package neutron-server.
Preparing to unpack .../neutron-server_1%3a2014.2.3-0ubuntu1~cloud0_all.deb ...
Unpacking neutron-server (1:2014.2.3-0ubuntu1~cloud0) ...
Processing triggers for man-db (2.6.7.1-1ubuntu1) ...
Processing triggers for ureadahead (0.100.0-16) ...
Setting up python-jsonrpclib (0.1.3-1build1) ...
Setting up libmnl0:amd64 (1.0.3-3ubuntu1) ...
Setting up libipset3:amd64 (6.20.1-1) ...
Setting up ipset (6.20.1-1) ...
Setting up python-neutron (1:2014.2.3-0ubuntu1~cloud0) ...
Setting up neutron-common (1:2014.2.3-0ubuntu1~cloud0) ...
Adding system user `neutron' (UID 111) ...
Adding new user `neutron' (UID 111) with group `neutron' ...
Not creating home directory `/var/lib/neutron'.
Setting up neutron-plugin-ml2 (1:2014.2.3-0ubuntu1~cloud0) ...
Setting up neutron-server (1:2014.2.3-0ubuntu1~cloud0) ...
neutron-server start/running, process 13013
Processing triggers for libc-bin (2.19-0ubuntu6.6) ...
Processing triggers for ureadahead (0.100.0-16) ...
-------------------sixth.sh line no : 69------------------------
-------------------sixth.sh line no : 70------------------------
+-------------+----------------------------------+
|   Property  |              Value               |
+-------------+----------------------------------+
| description |          Service Tenant          |
|   enabled   |               True               |
|      id     | c785a7126f594bdfa22b0082b03318fe |
|     name    |             service              |
+-------------+----------------------------------+
-------------------sixth.sh line no : 71------------------------
--!!!!!!- Copy this Service ID and paste it into /etc/neutron/neutron.conf at [Default] -!!!!!!--
--- nova_admin_tenant_id = SERVICE_TENANT_ID ---
--- Open New Terminal and Execute abobe command---
--- if- you PRESS n, then- execute /root/pullstack/autostack/controller/extra_sh/controllerrest.sh to execute rest of script ------
--- Press[y/n] to continue- or n to skip------
-------------------sixth.sh line no : 72------------------------
-------------------sixth.sh line no : 73------------------------
-------------------sixth.sh line no : 74------------------------
-------------------sixth.sh line no : 75------------------------
-------------------sixth.sh line no : 76------------------------
-------------------sixth.sh line no : 77------------------------
-------------------sixth.sh line no : 78------------------------
