-------------------afterkeystoneendpoint.sh line no : 1------------------------
-------------------afterkeystoneendpoint.sh line no : 2------------------------
-------------------afterkeystoneendpoint.sh line no : 3------------------------
-------------------afterkeystoneendpoint.sh line no : 4------------------------
-------------------afterkeystoneendpoint.sh line no : 5------------------------
-------------------afterkeystoneendpoint.sh line no : 6------------------------
--- !!!!! Enter previously copied ADMIN TOKEN !!!!! -----
-------------------afterkeystoneendpoint.sh line no : 7------------------------
-------------------afterkeystoneendpoint.sh line no : 8------------------------
---- ??? Enter Admin Password ??? -----
---- ??? Enter Admin Email Id ??? -----
-------------------afterkeystoneendpoint.sh line no : 9------------------------
-------------------afterkeystoneendpoint.sh line no : 10------------------------
-------------------afterkeystoneendpoint.sh line no : 11------------------------
-------------------afterkeystoneendpoint.sh line no : 12------------------------
-------------------afterkeystoneendpoint.sh line no : 13------------------------
-------------------afterkeystoneendpoint.sh line no : 14------------------------
-------------------afterkeystoneendpoint.sh line no : 15------------------------
-------------------afterkeystoneendpoint.sh line no : 16------------------------
------%%%%%%%%%%%%%%%%%%------ Verifying Operation - IDENTITY SERVICE ------%%%%%%%%%%%%%%%%%%------
+-----------+----------------------------------+
|  Property |              Value               |
+-----------+----------------------------------+
|  expires  |       2015-07-06T11:49:11Z       |
|     id    | 0e8a25c7810244f7bdc79e49c8b81824 |
| tenant_id | 9ea1c359d9db46b9a61ec60a0e25c70b |
|  user_id  | 16682dcac7614d99a3fbb0d18adac2ff |
+-----------+----------------------------------+
-------------------afterkeystoneendpoint.sh line no : 17------------------------
+----------------------------------+---------+---------+
|                id                |   name  | enabled |
+----------------------------------+---------+---------+
| 9ea1c359d9db46b9a61ec60a0e25c70b |  admin  |   True  |
| 5c2cd0e34ab749e98a8d42bd41cd6598 |   demo  |   True  |
| c785a7126f594bdfa22b0082b03318fe | service |   True  |
+----------------------------------+---------+---------+
-------------------afterkeystoneendpoint.sh line no : 18------------------------
-------------------afterkeystoneendpoint.sh line no : 19------------------------
