-------------------afterkeystoneendpoint.sh line no : 1------------------------
-------------------afterkeystoneendpoint.sh line no : 2------------------------
-------------------afterkeystoneendpoint.sh line no : 3------------------------
-------------------afterkeystoneendpoint.sh line no : 4------------------------
-------------------afterkeystoneendpoint.sh line no : 5------------------------
-------------------afterkeystoneendpoint.sh line no : 6------------------------
--- !!!!! Enter previously copied ADMIN TOKEN !!!!! -----
-------------------afterkeystoneendpoint.sh line no : 7------------------------
-------------------afterkeystoneendpoint.sh line no : 8------------------------
---- ??? Enter Admin Password ??? -----
---- ??? Enter Admin Email Id ??? -----
-------------------afterkeystoneendpoint.sh line no : 9------------------------
-------------------afterkeystoneendpoint.sh line no : 10------------------------
-------------------afterkeystoneendpoint.sh line no : 11------------------------
-------------------afterkeystoneendpoint.sh line no : 12------------------------
-------------------afterkeystoneendpoint.sh line no : 13------------------------
-------------------afterkeystoneendpoint.sh line no : 14------------------------
-------------------afterkeystoneendpoint.sh line no : 15------------------------
-------------------afterkeystoneendpoint.sh line no : 16------------------------
------%%%%%%%%%%%%%%%%%%------ Verifying Operation - IDENTITY SERVICE ------%%%%%%%%%%%%%%%%%%------
+-----------+----------------------------------+
|  Property |              Value               |
+-----------+----------------------------------+
|  expires  |       2015-07-06T12:09:14Z       |
|     id    | c2b03f4d2c4949bfaa0844049c6419f3 |
| tenant_id | 9ea1c359d9db46b9a61ec60a0e25c70b |
|  user_id  | 16682dcac7614d99a3fbb0d18adac2ff |
+-----------+----------------------------------+
-------------------afterkeystoneendpoint.sh line no : 17------------------------
-------------------afterkeystoneendpoint.sh line no : 18------------------------
--!!!!!!- Copy this Service ID and paste it into /etc/neutron/neutron.conf at [Default] -!!!!!!--
--- nova_admin_tenant_id = SERVICE_TENANT_ID ---
--- Open New Terminal and Execute abobe command---
--- if- you PRESS n, then- execute /root/pullstack/autostack/controller/extra_sh/controllerrest.sh to execute rest of script ------
--- Press[y/n] to continue- or n to skip------
