CONTROLLER_NODE_HOSTNAME =
CONTROLLER_NODE_PUBLIC_IP =
CONTROLLER_NODE_PRIVATE_IP =
NETWORK_NODE_HOSTNAME =
NETWORK_NODE_PUBLIC_IP =
NETWORK_NODE_PRIVATE_IP =
COMPUTE_NODE_HOSTNAME =
COMPUTE_NODE_PUBLIC_IP =
COMPUTE_NODE_PRIVATE_IP =
NETWORK_PUBLIC_INTERFACE_NAME = rishi
NETWORK_NETMASK_PUBLIC_INTERFACE =
NETWORK_NETWORK_PUBLIC_INTERFACE =
NETWORK_BROADCAST_PUBLIC_INTERFACE =
NETWORK_GATEWAY_PUBLIC_INTERFACE =
NETWORK_PRIVATE_INTERFACE_NAME =
NETWORK_NETMASK_PRIVATE_INTERFACE =
NETWORK_NETWORK_PRIVATE_INTERFACE =
NETWORK_BROADCAST_PRIVATE_INTERFACE =
NETWORK_GATEWAY_PRIVATE_INTERFACE =
NETWORK_EXTERNAL_INTERFACE_NAME =
======= Counter Value is 1 =============
---- If above information is correct then- Press y to continue------
---- otherwise add configurations in- /home/rishi/pullstack/autostack/autostack.properties -----
--- Press[y/n] to continue- or to skip------
