-------------------computenetwork.sh line no : 1------------------------
net.ipv4.conf.all.rp_filter = 0
net.ipv4.conf.default.rp_filter = 0
-------------------computenetwork.sh line no : 2------------------------
Reading package lists...
Building dependency tree...
Reading state information...
The following extra packages will be installed:
  alembic ieee-data ipset libipset3 libjs-jquery libjs-sphinxdoc
  libjs-underscore libmnl0 librabbitmq1 libxslt1.1 libyaml-0-2 neutron-common
  openvswitch-common openvswitch-switch python-alembic python-amqp
  python-anyjson python-babel python-babel-localedata python-cliff
  python-cliff-doc python-cmd2 python-decorator python-dns python-eventlet
  python-formencode python-greenlet python-httplib2 python-iso8601
  python-jinja2 python-jsonrpclib python-keystoneclient
  python-keystonemiddleware python-kombu python-librabbitmq python-lockfile
  python-lxml python-mako python-markupsafe python-migrate python-netaddr
  python-neutron python-neutronclient python-novaclient python-openid
  python-oslo.config python-oslo.db python-oslo.i18n python-oslo.messaging
  python-oslo.rootwrap python-oslo.utils python-paste python-pastedeploy
  python-pastedeploy-tpl python-pastescript python-pbr python-prettytable
  python-pyparsing python-repoze.lru python-routes python-scgi
  python-setuptools python-simplejson python-sqlalchemy python-sqlalchemy-ext
  python-stevedore python-tempita python-tz python-webob python-yaml
Suggested packages:
  python3-alembic javascript-common openvswitch-datapath-module
  python-amqp-doc python-egenix-mxdatetime python-greenlet-doc
  python-greenlet-dev python-greenlet-dbg python-jinja2-doc python-boto
  python-beanstalkc python-django python-kombu-doc python-pika python-pymongo
  python-lxml-dbg python-beaker python-mako-doc ipython python-netaddr-docs
  python-pastewebkit libjs-mochikit libapache2-mod-wsgi libapache2-mod-python
  libapache2-mod-scgi python-pgsql python-flup python-cherrypy python-cheetah
  python-sqlalchemy-doc python-psycopg2 python-mysqldb python-kinterbasdb
  python-pymssql python-webob-doc
The following NEW packages will be installed:
  alembic ieee-data ipset libipset3 libjs-jquery libjs-sphinxdoc
  libjs-underscore libmnl0 librabbitmq1 libxslt1.1 libyaml-0-2 neutron-common
  neutron-plugin-ml2 neutron-plugin-openvswitch-agent openvswitch-common
  openvswitch-switch python-alembic python-amqp python-anyjson python-babel
  python-babel-localedata python-cliff python-cliff-doc python-cmd2
  python-decorator python-dns python-eventlet python-formencode
  python-greenlet python-httplib2 python-iso8601 python-jinja2
  python-jsonrpclib python-keystoneclient python-keystonemiddleware
  python-kombu python-librabbitmq python-lockfile python-lxml python-mako
  python-markupsafe python-migrate python-netaddr python-neutron
  python-neutronclient python-novaclient python-openid python-oslo.config
  python-oslo.db python-oslo.i18n python-oslo.messaging python-oslo.rootwrap
  python-oslo.utils python-paste python-pastedeploy python-pastedeploy-tpl
  python-pastescript python-pbr python-prettytable python-pyparsing
  python-repoze.lru python-routes python-scgi python-setuptools
  python-simplejson python-sqlalchemy python-sqlalchemy-ext python-stevedore
  python-tempita python-tz python-webob python-yaml
0 upgraded, 72 newly installed, 0 to remove and 0 not upgraded.
Need to get 10.5 MB of archives.
After this operation, 61.3 MB of additional disk space will be used.
Get:1 http://ubuntu-cloud.archive.canonical.com/ubuntu/ trusty-updates/juno/main python-netaddr all 0.7.12-1~cloud0 [164 kB]
Get:2 http://in.archive.ubuntu.com/ubuntu/ trusty/main librabbitmq1 amd64 0.4.1-1 [35.2 kB]
Get:3 http://ubuntu-cloud.archive.canonical.com/ubuntu/ trusty-updates/juno/main python-stevedore all 1.0.0.0-0ubuntu1~cloud0 [15.6 kB]
Get:4 http://in.archive.ubuntu.com/ubuntu/ trusty/main libxslt1.1 amd64 1.1.28-2build1 [145 kB]
Get:5 http://ubuntu-cloud.archive.canonical.com/ubuntu/ trusty-updates/juno/main python-oslo.config all 1:1.4.0.0-0ubuntu1~cloud0 [29.6 kB]
Get:6 http://ubuntu-cloud.archive.canonical.com/ubuntu/ trusty-updates/juno/main python-pbr all 0.10.0-0ubuntu1~cloud0 [36.8 kB]
Get:7 http://in.archive.ubuntu.com/ubuntu/ trusty-updates/main libyaml-0-2 amd64 0.1.4-3ubuntu3.1 [48.1 kB]
Get:8 http://ubuntu-cloud.archive.canonical.com/ubuntu/ trusty-updates/juno/main python-keystoneclient all 1:0.10.1-0ubuntu1~cloud0 [181 kB]
Get:9 http://in.archive.ubuntu.com/ubuntu/ trusty/main python-pyparsing all 2.0.1+dfsg1-1build1 [34.3 kB]
Get:10 http://in.archive.ubuntu.com/ubuntu/ trusty-updates/main python-setuptools all 3.3-1ubuntu2 [230 kB]
Get:11 http://ubuntu-cloud.archive.canonical.com/ubuntu/ trusty-updates/juno/main python-keystonemiddleware all 1.0.0-1~cloud0 [51.8 kB]
Get:12 http://in.archive.ubuntu.com/ubuntu/ trusty/main python-cmd2 all 0.6.7-2fakesync1build1 [22.2 kB]
Get:13 http://ubuntu-cloud.archive.canonical.com/ubuntu/ trusty-updates/juno/main python-sqlalchemy all 0.9.7-1~cloud0 [595 kB]
Get:14 http://in.archive.ubuntu.com/ubuntu/ trusty/main python-simplejson amd64 3.3.1-1ubuntu6 [54.7 kB]
Get:15 http://in.archive.ubuntu.com/ubuntu/ trusty/main python-jsonrpclib all 0.1.3-1build1 [14.1 kB]
Get:16 http://in.archive.ubuntu.com/ubuntu/ trusty-updates/main python-babel-localedata all 1.3+dfsg.1-2ubuntu2 [1,929 kB]
Get:17 http://in.archive.ubuntu.com/ubuntu/ trusty/main python-tz all 2012c-1build1 [32.0 kB]
Get:18 http://ubuntu-cloud.archive.canonical.com/ubuntu/ trusty-updates/juno/main python-migrate all 0.9.1-1ubuntu1~cloud2 [131 kB]
Get:19 http://in.archive.ubuntu.com/ubuntu/ trusty-updates/main python-babel all 1.3+dfsg.1-2ubuntu2 [69.7 kB]
Get:20 http://in.archive.ubuntu.com/ubuntu/ trusty/main python-iso8601 all 0.1.10-0ubuntu1 [11.7 kB]
Get:21 http://in.archive.ubuntu.com/ubuntu/ trusty-updates/main python-lxml amd64 3.3.3-1ubuntu0.1 [629 kB]
Get:22 http://ubuntu-cloud.archive.canonical.com/ubuntu/ trusty-updates/juno/main python-alembic all 0.6.5+ds-1~cloud2 [52.7 kB]
Get:23 http://ubuntu-cloud.archive.canonical.com/ubuntu/ trusty-updates/juno/main alembic all 0.6.5+ds-1~cloud2 [115 kB]
Get:24 http://in.archive.ubuntu.com/ubuntu/ trusty/universe ieee-data all 20131224.1 [776 kB]
Get:25 http://ubuntu-cloud.archive.canonical.com/ubuntu/ trusty-updates/juno/main python-oslo.i18n all 1.0.0-0ubuntu1~cloud0 [10.2 kB]
Get:26 http://in.archive.ubuntu.com/ubuntu/ trusty/main python-prettytable all 0.7.2-2ubuntu2 [20.0 kB]
Get:27 http://ubuntu-cloud.archive.canonical.com/ubuntu/ trusty-updates/juno/main python-oslo.utils all 1.0.0-0ubuntu1~cloud0 [12.5 kB]
Get:28 http://in.archive.ubuntu.com/ubuntu/ trusty/main libjs-jquery all 1.7.2+dfsg-2ubuntu1 [78.8 kB]
Get:29 http://in.archive.ubuntu.com/ubuntu/ trusty/main libjs-underscore all 1.4.4-2ubuntu1 [45.6 kB]
Get:30 http://ubuntu-cloud.archive.canonical.com/ubuntu/ trusty-updates/juno/main python-oslo.db all 1.0.0-0ubuntu1~cloud0 [42.6 kB]
Get:31 http://in.archive.ubuntu.com/ubuntu/ trusty-updates/main libjs-sphinxdoc all 1.2.2+dfsg-1ubuntu1.1 [41.4 kB]
Get:32 http://ubuntu-cloud.archive.canonical.com/ubuntu/ trusty-updates/juno/main python-eventlet all 0.13.0-1ubuntu3.3~cloud0 [202 kB]
Get:33 http://in.archive.ubuntu.com/ubuntu/ trusty/main python-decorator all 3.4.0-2build1 [19.2 kB]
Get:34 http://in.archive.ubuntu.com/ubuntu/ trusty/main python-tempita all 0.5.2-1build1 [13.8 kB]
Get:35 http://in.archive.ubuntu.com/ubuntu/ trusty/main python-markupsafe amd64 0.18-1build2 [14.3 kB]
Get:36 http://in.archive.ubuntu.com/ubuntu/ trusty/main python-mako all 0.9.1-1 [59.6 kB]
Get:37 http://in.archive.ubuntu.com/ubuntu/ trusty/main python-lockfile all 1:0.8-2ubuntu2 [8,090 B]
Get:38 http://in.archive.ubuntu.com/ubuntu/ trusty/main libmnl0 amd64 1.0.3-3ubuntu1 [11.4 kB]
Get:39 http://in.archive.ubuntu.com/ubuntu/ trusty/universe libipset3 amd64 6.20.1-1 [50.8 kB]
Get:40 http://in.archive.ubuntu.com/ubuntu/ trusty/universe ipset amd64 6.20.1-1 [34.2 kB]
Get:41 http://in.archive.ubuntu.com/ubuntu/ trusty/main python-anyjson all 0.3.3-1build1 [7,096 B]
Get:42 http://ubuntu-cloud.archive.canonical.com/ubuntu/ trusty-updates/juno/main python-amqp all 1.4.5-1ubuntu1~cloud0 [36.8 kB]
Get:43 http://in.archive.ubuntu.com/ubuntu/ trusty/main python-greenlet amd64 0.4.2-1build1 [16.7 kB]
Get:44 http://in.archive.ubuntu.com/ubuntu/ trusty/main python-httplib2 all 0.8-2build1 [35.4 kB]
Get:45 http://ubuntu-cloud.archive.canonical.com/ubuntu/ trusty-updates/juno/main python-cliff all 1.7.0-0ubuntu3~cloud0 [19.2 kB]
Get:46 http://in.archive.ubuntu.com/ubuntu/ trusty/main python-jinja2 all 2.7.2-2 [161 kB]
Get:47 http://ubuntu-cloud.archive.canonical.com/ubuntu/ trusty-updates/juno/main python-neutronclient all 1:2.3.8-0ubuntu1~cloud0 [96.1 kB]
Get:48 http://in.archive.ubuntu.com/ubuntu/ trusty/main python-librabbitmq amd64 1.0.3-0ubuntu1 [26.9 kB]
Get:49 http://in.archive.ubuntu.com/ubuntu/ trusty/main python-kombu all 3.0.7-1ubuntu1 [133 kB]
Get:50 http://in.archive.ubuntu.com/ubuntu/ trusty-updates/main python-yaml amd64 3.10-4ubuntu0.1 [102 kB]
Get:51 http://ubuntu-cloud.archive.canonical.com/ubuntu/ trusty-updates/juno/main python-novaclient all 1:2.19.0-0ubuntu1~cloud0 [157 kB]
Get:52 http://in.archive.ubuntu.com/ubuntu/ trusty/main python-dns all 2.3.6-3 [26.0 kB]
Get:53 http://in.archive.ubuntu.com/ubuntu/ trusty/main python-formencode all 1.2.6-1ubuntu1 [75.1 kB]
Get:54 http://in.archive.ubuntu.com/ubuntu/ trusty/main python-paste all 1.7.5.1-6ubuntu3 [367 kB]
Get:55 http://in.archive.ubuntu.com/ubuntu/ trusty/main python-pastedeploy-tpl all 1.5.2-1 [4,518 B]
Get:56 http://in.archive.ubuntu.com/ubuntu/ trusty/main python-pastedeploy all 1.5.2-1 [25.5 kB]
Get:57 http://in.archive.ubuntu.com/ubuntu/ trusty/main python-repoze.lru all 0.6-4 [11.3 kB]
Get:58 http://in.archive.ubuntu.com/ubuntu/ trusty/main python-routes all 2.0-1build1 [76.6 kB]
Get:59 http://ubuntu-cloud.archive.canonical.com/ubuntu/ trusty-updates/juno/main python-oslo.messaging all 1.4.1-0ubuntu1~cloud0 [75.8 kB]
Get:60 http://in.archive.ubuntu.com/ubuntu/ trusty/main python-webob all 1.3.1-1 [57.9 kB]
Get:61 http://in.archive.ubuntu.com/ubuntu/ trusty-updates/main openvswitch-common amd64 2.0.2-0ubuntu0.14.04.2 [444 kB]
Get:62 http://in.archive.ubuntu.com/ubuntu/ trusty-updates/main openvswitch-switch amd64 2.0.2-0ubuntu0.14.04.2 [864 kB]
Get:63 http://ubuntu-cloud.archive.canonical.com/ubuntu/ trusty-updates/juno/main python-oslo.rootwrap all 1.3.0.0-0ubuntu1~cloud0 [22.6 kB]
Get:64 http://ubuntu-cloud.archive.canonical.com/ubuntu/ trusty-updates/juno/main python-neutron all 1:2014.2.3-0ubuntu1~cloud0 [1,265 kB]
Get:65 http://in.archive.ubuntu.com/ubuntu/ trusty/main python-openid all 2.2.5-3ubuntu1 [118 kB]
Get:66 http://in.archive.ubuntu.com/ubuntu/ trusty/main python-pastescript all 1.7.5-3build1 [117 kB]
Get:67 http://in.archive.ubuntu.com/ubuntu/ trusty/main python-scgi amd64 1.13-1.1build1 [18.4 kB]
Get:68 http://ubuntu-cloud.archive.canonical.com/ubuntu/ trusty-updates/juno/main neutron-common all 1:2014.2.3-0ubuntu1~cloud0 [15.6 kB]
Get:69 http://ubuntu-cloud.archive.canonical.com/ubuntu/ trusty-updates/juno/main neutron-plugin-ml2 all 1:2014.2.3-0ubuntu1~cloud0 [6,836 B]
Get:70 http://ubuntu-cloud.archive.canonical.com/ubuntu/ trusty-updates/juno/main neutron-plugin-openvswitch-agent all 1:2014.2.3-0ubuntu1~cloud0 [3,872 B]
Get:71 http://ubuntu-cloud.archive.canonical.com/ubuntu/ trusty-updates/juno/main python-cliff-doc all 1.7.0-0ubuntu3~cloud0 [43.3 kB]
Get:72 http://ubuntu-cloud.archive.canonical.com/ubuntu/ trusty-updates/juno/main python-sqlalchemy-ext amd64 0.9.7-1~cloud0 [14.2 kB]
Fetched 10.5 MB in 30s (346 kB/s)
Selecting previously unselected package librabbitmq1.
(Reading database ... 86441 files and directories currently installed.)
Preparing to unpack .../librabbitmq1_0.4.1-1_amd64.deb ...
Unpacking librabbitmq1 (0.4.1-1) ...
Selecting previously unselected package libxslt1.1:amd64.
Preparing to unpack .../libxslt1.1_1.1.28-2build1_amd64.deb ...
Unpacking libxslt1.1:amd64 (1.1.28-2build1) ...
Selecting previously unselected package libyaml-0-2:amd64.
Preparing to unpack .../libyaml-0-2_0.1.4-3ubuntu3.1_amd64.deb ...
Unpacking libyaml-0-2:amd64 (0.1.4-3ubuntu3.1) ...
Selecting previously unselected package python-pyparsing.
Preparing to unpack .../python-pyparsing_2.0.1+dfsg1-1build1_all.deb ...
Unpacking python-pyparsing (2.0.1+dfsg1-1build1) ...
Selecting previously unselected package python-setuptools.
Preparing to unpack .../python-setuptools_3.3-1ubuntu2_all.deb ...
Unpacking python-setuptools (3.3-1ubuntu2) ...
Selecting previously unselected package python-cmd2.
Preparing to unpack .../python-cmd2_0.6.7-2fakesync1build1_all.deb ...
Unpacking python-cmd2 (0.6.7-2fakesync1build1) ...
Selecting previously unselected package python-simplejson.
Preparing to unpack .../python-simplejson_3.3.1-1ubuntu6_amd64.deb ...
Unpacking python-simplejson (3.3.1-1ubuntu6) ...
Selecting previously unselected package python-jsonrpclib.
Preparing to unpack .../python-jsonrpclib_0.1.3-1build1_all.deb ...
Unpacking python-jsonrpclib (0.1.3-1build1) ...
Selecting previously unselected package python-babel-localedata.
Preparing to unpack .../python-babel-localedata_1.3+dfsg.1-2ubuntu2_all.deb ...
Unpacking python-babel-localedata (1.3+dfsg.1-2ubuntu2) ...
Selecting previously unselected package python-tz.
Preparing to unpack .../python-tz_2012c-1build1_all.deb ...
Unpacking python-tz (2012c-1build1) ...
Selecting previously unselected package python-babel.
Preparing to unpack .../python-babel_1.3+dfsg.1-2ubuntu2_all.deb ...
Unpacking python-babel (1.3+dfsg.1-2ubuntu2) ...
Selecting previously unselected package python-iso8601.
Preparing to unpack .../python-iso8601_0.1.10-0ubuntu1_all.deb ...
Unpacking python-iso8601 (0.1.10-0ubuntu1) ...
Selecting previously unselected package python-lxml.
Preparing to unpack .../python-lxml_3.3.3-1ubuntu0.1_amd64.deb ...
Unpacking python-lxml (3.3.3-1ubuntu0.1) ...
Selecting previously unselected package ieee-data.
Preparing to unpack .../ieee-data_20131224.1_all.deb ...
Unpacking ieee-data (20131224.1) ...
Selecting previously unselected package python-netaddr.
Preparing to unpack .../python-netaddr_0.7.12-1~cloud0_all.deb ...
Unpacking python-netaddr (0.7.12-1~cloud0) ...
Selecting previously unselected package python-stevedore.
Preparing to unpack .../python-stevedore_1.0.0.0-0ubuntu1~cloud0_all.deb ...
Unpacking python-stevedore (1.0.0.0-0ubuntu1~cloud0) ...
Selecting previously unselected package python-oslo.config.
Preparing to unpack .../python-oslo.config_1%3a1.4.0.0-0ubuntu1~cloud0_all.deb ...
Unpacking python-oslo.config (1:1.4.0.0-0ubuntu1~cloud0) ...
Selecting previously unselected package python-pbr.
Preparing to unpack .../python-pbr_0.10.0-0ubuntu1~cloud0_all.deb ...
Unpacking python-pbr (0.10.0-0ubuntu1~cloud0) ...
Selecting previously unselected package python-prettytable.
Preparing to unpack .../python-prettytable_0.7.2-2ubuntu2_all.deb ...
Unpacking python-prettytable (0.7.2-2ubuntu2) ...
Selecting previously unselected package python-keystoneclient.
Preparing to unpack .../python-keystoneclient_1%3a0.10.1-0ubuntu1~cloud0_all.deb ...
Unpacking python-keystoneclient (1:0.10.1-0ubuntu1~cloud0) ...
Selecting previously unselected package python-keystonemiddleware.
Preparing to unpack .../python-keystonemiddleware_1.0.0-1~cloud0_all.deb ...
Unpacking python-keystonemiddleware (1.0.0-1~cloud0) ...
Selecting previously unselected package libjs-jquery.
Preparing to unpack .../libjs-jquery_1.7.2+dfsg-2ubuntu1_all.deb ...
Unpacking libjs-jquery (1.7.2+dfsg-2ubuntu1) ...
Selecting previously unselected package libjs-underscore.
Preparing to unpack .../libjs-underscore_1.4.4-2ubuntu1_all.deb ...
Unpacking libjs-underscore (1.4.4-2ubuntu1) ...
Selecting previously unselected package libjs-sphinxdoc.
Preparing to unpack .../libjs-sphinxdoc_1.2.2+dfsg-1ubuntu1.1_all.deb ...
Unpacking libjs-sphinxdoc (1.2.2+dfsg-1ubuntu1.1) ...
Selecting previously unselected package python-decorator.
Preparing to unpack .../python-decorator_3.4.0-2build1_all.deb ...
Unpacking python-decorator (3.4.0-2build1) ...
Selecting previously unselected package python-sqlalchemy.
Preparing to unpack .../python-sqlalchemy_0.9.7-1~cloud0_all.deb ...
Unpacking python-sqlalchemy (0.9.7-1~cloud0) ...
Selecting previously unselected package python-tempita.
Preparing to unpack .../python-tempita_0.5.2-1build1_all.deb ...
Unpacking python-tempita (0.5.2-1build1) ...
Selecting previously unselected package python-migrate.
Preparing to unpack .../python-migrate_0.9.1-1ubuntu1~cloud2_all.deb ...
Unpacking python-migrate (0.9.1-1ubuntu1~cloud2) ...
Selecting previously unselected package python-markupsafe.
Preparing to unpack .../python-markupsafe_0.18-1build2_amd64.deb ...
Unpacking python-markupsafe (0.18-1build2) ...
Selecting previously unselected package python-mako.
Preparing to unpack .../python-mako_0.9.1-1_all.deb ...
Unpacking python-mako (0.9.1-1) ...
Selecting previously unselected package python-alembic.
Preparing to unpack .../python-alembic_0.6.5+ds-1~cloud2_all.deb ...
Unpacking python-alembic (0.6.5+ds-1~cloud2) ...
Selecting previously unselected package alembic.
Preparing to unpack .../alembic_0.6.5+ds-1~cloud2_all.deb ...
Unpacking alembic (0.6.5+ds-1~cloud2) ...
Selecting previously unselected package python-lockfile.
Preparing to unpack .../python-lockfile_1%3a0.8-2ubuntu2_all.deb ...
Unpacking python-lockfile (1:0.8-2ubuntu2) ...
Selecting previously unselected package python-oslo.i18n.
Preparing to unpack .../python-oslo.i18n_1.0.0-0ubuntu1~cloud0_all.deb ...
Unpacking python-oslo.i18n (1.0.0-0ubuntu1~cloud0) ...
Selecting previously unselected package python-oslo.utils.
Preparing to unpack .../python-oslo.utils_1.0.0-0ubuntu1~cloud0_all.deb ...
Unpacking python-oslo.utils (1.0.0-0ubuntu1~cloud0) ...
Selecting previously unselected package python-oslo.db.
Preparing to unpack .../python-oslo.db_1.0.0-0ubuntu1~cloud0_all.deb ...
Unpacking python-oslo.db (1.0.0-0ubuntu1~cloud0) ...
Selecting previously unselected package libmnl0:amd64.
Preparing to unpack .../libmnl0_1.0.3-3ubuntu1_amd64.deb ...
Unpacking libmnl0:amd64 (1.0.3-3ubuntu1) ...
Selecting previously unselected package libipset3:amd64.
Preparing to unpack .../libipset3_6.20.1-1_amd64.deb ...
Unpacking libipset3:amd64 (6.20.1-1) ...
Selecting previously unselected package ipset.
Preparing to unpack .../ipset_6.20.1-1_amd64.deb ...
Unpacking ipset (6.20.1-1) ...
Selecting previously unselected package python-anyjson.
Preparing to unpack .../python-anyjson_0.3.3-1build1_all.deb ...
Unpacking python-anyjson (0.3.3-1build1) ...
Selecting previously unselected package python-greenlet.
Preparing to unpack .../python-greenlet_0.4.2-1build1_amd64.deb ...
Unpacking python-greenlet (0.4.2-1build1) ...
Selecting previously unselected package python-eventlet.
Preparing to unpack .../python-eventlet_0.13.0-1ubuntu3.3~cloud0_all.deb ...
Unpacking python-eventlet (0.13.0-1ubuntu3.3~cloud0) ...
Selecting previously unselected package python-httplib2.
Preparing to unpack .../python-httplib2_0.8-2build1_all.deb ...
Unpacking python-httplib2 (0.8-2build1) ...
Selecting previously unselected package python-jinja2.
Preparing to unpack .../python-jinja2_2.7.2-2_all.deb ...
Unpacking python-jinja2 (2.7.2-2) ...
Selecting previously unselected package python-librabbitmq.
Preparing to unpack .../python-librabbitmq_1.0.3-0ubuntu1_amd64.deb ...
Unpacking python-librabbitmq (1.0.3-0ubuntu1) ...
Selecting previously unselected package python-amqp.
Preparing to unpack .../python-amqp_1.4.5-1ubuntu1~cloud0_all.deb ...
Unpacking python-amqp (1.4.5-1ubuntu1~cloud0) ...
Selecting previously unselected package python-kombu.
Preparing to unpack .../python-kombu_3.0.7-1ubuntu1_all.deb ...
Unpacking python-kombu (3.0.7-1ubuntu1) ...
Selecting previously unselected package python-cliff.
Preparing to unpack .../python-cliff_1.7.0-0ubuntu3~cloud0_all.deb ...
Unpacking python-cliff (1.7.0-0ubuntu3~cloud0) ...
Selecting previously unselected package python-neutronclient.
Preparing to unpack .../python-neutronclient_1%3a2.3.8-0ubuntu1~cloud0_all.deb ...
Unpacking python-neutronclient (1:2.3.8-0ubuntu1~cloud0) ...
Selecting previously unselected package python-novaclient.
Preparing to unpack .../python-novaclient_1%3a2.19.0-0ubuntu1~cloud0_all.deb ...
Unpacking python-novaclient (1:2.19.0-0ubuntu1~cloud0) ...
Selecting previously unselected package python-yaml.
Preparing to unpack .../python-yaml_3.10-4ubuntu0.1_amd64.deb ...
Unpacking python-yaml (3.10-4ubuntu0.1) ...
Selecting previously unselected package python-oslo.messaging.
Preparing to unpack .../python-oslo.messaging_1.4.1-0ubuntu1~cloud0_all.deb ...
Unpacking python-oslo.messaging (1.4.1-0ubuntu1~cloud0) ...
Selecting previously unselected package python-oslo.rootwrap.
Preparing to unpack .../python-oslo.rootwrap_1.3.0.0-0ubuntu1~cloud0_all.deb ...
Unpacking python-oslo.rootwrap (1.3.0.0-0ubuntu1~cloud0) ...
Selecting previously unselected package python-dns.
Preparing to unpack .../python-dns_2.3.6-3_all.deb ...
Unpacking python-dns (2.3.6-3) ...
Selecting previously unselected package python-formencode.
Preparing to unpack .../python-formencode_1.2.6-1ubuntu1_all.deb ...
Unpacking python-formencode (1.2.6-1ubuntu1) ...
Selecting previously unselected package python-paste.
Preparing to unpack .../python-paste_1.7.5.1-6ubuntu3_all.deb ...
Unpacking python-paste (1.7.5.1-6ubuntu3) ...
Selecting previously unselected package python-pastedeploy-tpl.
Preparing to unpack .../python-pastedeploy-tpl_1.5.2-1_all.deb ...
Unpacking python-pastedeploy-tpl (1.5.2-1) ...
Selecting previously unselected package python-pastedeploy.
Preparing to unpack .../python-pastedeploy_1.5.2-1_all.deb ...
Unpacking python-pastedeploy (1.5.2-1) ...
Selecting previously unselected package python-repoze.lru.
Preparing to unpack .../python-repoze.lru_0.6-4_all.deb ...
Unpacking python-repoze.lru (0.6-4) ...
Selecting previously unselected package python-routes.
Preparing to unpack .../python-routes_2.0-1build1_all.deb ...
Unpacking python-routes (2.0-1build1) ...
Selecting previously unselected package python-webob.
Preparing to unpack .../python-webob_1.3.1-1_all.deb ...
Unpacking python-webob (1.3.1-1) ...
Selecting previously unselected package python-neutron.
Preparing to unpack .../python-neutron_1%3a2014.2.3-0ubuntu1~cloud0_all.deb ...
Unpacking python-neutron (1:2014.2.3-0ubuntu1~cloud0) ...
Selecting previously unselected package neutron-common.
Preparing to unpack .../neutron-common_1%3a2014.2.3-0ubuntu1~cloud0_all.deb ...
Unpacking neutron-common (1:2014.2.3-0ubuntu1~cloud0) ...
Selecting previously unselected package neutron-plugin-ml2.
Preparing to unpack .../neutron-plugin-ml2_1%3a2014.2.3-0ubuntu1~cloud0_all.deb ...
Unpacking neutron-plugin-ml2 (1:2014.2.3-0ubuntu1~cloud0) ...
Selecting previously unselected package openvswitch-common.
Preparing to unpack .../openvswitch-common_2.0.2-0ubuntu0.14.04.2_amd64.deb ...
Unpacking openvswitch-common (2.0.2-0ubuntu0.14.04.2) ...
Selecting previously unselected package openvswitch-switch.
Preparing to unpack .../openvswitch-switch_2.0.2-0ubuntu0.14.04.2_amd64.deb ...
Unpacking openvswitch-switch (2.0.2-0ubuntu0.14.04.2) ...
Selecting previously unselected package neutron-plugin-openvswitch-agent.
Preparing to unpack .../neutron-plugin-openvswitch-agent_1%3a2014.2.3-0ubuntu1~cloud0_all.deb ...
Unpacking neutron-plugin-openvswitch-agent (1:2014.2.3-0ubuntu1~cloud0) ...
Selecting previously unselected package python-cliff-doc.
Preparing to unpack .../python-cliff-doc_1.7.0-0ubuntu3~cloud0_all.deb ...
Unpacking python-cliff-doc (1.7.0-0ubuntu3~cloud0) ...
Selecting previously unselected package python-openid.
Preparing to unpack .../python-openid_2.2.5-3ubuntu1_all.deb ...
Unpacking python-openid (2.2.5-3ubuntu1) ...
Selecting previously unselected package python-pastescript.
Preparing to unpack .../python-pastescript_1.7.5-3build1_all.deb ...
Unpacking python-pastescript (1.7.5-3build1) ...
Selecting previously unselected package python-scgi.
Preparing to unpack .../python-scgi_1.13-1.1build1_amd64.deb ...
Unpacking python-scgi (1.13-1.1build1) ...
Selecting previously unselected package python-sqlalchemy-ext.
Preparing to unpack .../python-sqlalchemy-ext_0.9.7-1~cloud0_amd64.deb ...
Unpacking python-sqlalchemy-ext (0.9.7-1~cloud0) ...
Processing triggers for man-db (2.6.7.1-1ubuntu1) ...
Processing triggers for ureadahead (0.100.0-16) ...
ureadahead will be reprofiled on next reboot
Setting up librabbitmq1 (0.4.1-1) ...
Setting up libxslt1.1:amd64 (1.1.28-2build1) ...
Setting up libyaml-0-2:amd64 (0.1.4-3ubuntu3.1) ...
Setting up python-pyparsing (2.0.1+dfsg1-1build1) ...
Setting up python-setuptools (3.3-1ubuntu2) ...
Setting up python-cmd2 (0.6.7-2fakesync1build1) ...
Setting up python-simplejson (3.3.1-1ubuntu6) ...
Setting up python-jsonrpclib (0.1.3-1build1) ...
Setting up python-babel-localedata (1.3+dfsg.1-2ubuntu2) ...
Setting up python-tz (2012c-1build1) ...
Setting up python-babel (1.3+dfsg.1-2ubuntu2) ...
update-alternatives: using /usr/bin/pybabel-python2 to provide /usr/bin/pybabel (pybabel) in auto mode
Setting up python-iso8601 (0.1.10-0ubuntu1) ...
Setting up python-lxml (3.3.3-1ubuntu0.1) ...
Setting up ieee-data (20131224.1) ...
Setting up python-netaddr (0.7.12-1~cloud0) ...
Setting up python-stevedore (1.0.0.0-0ubuntu1~cloud0) ...
Setting up python-oslo.config (1:1.4.0.0-0ubuntu1~cloud0) ...
update-alternatives: using /usr/bin/python2-oslo-config-generator to provide /usr/bin/oslo-config-generator (oslo-config-generator) in auto mode
Setting up python-pbr (0.10.0-0ubuntu1~cloud0) ...
Setting up python-prettytable (0.7.2-2ubuntu2) ...
Setting up python-keystoneclient (1:0.10.1-0ubuntu1~cloud0) ...
Setting up python-keystonemiddleware (1.0.0-1~cloud0) ...
Setting up libjs-jquery (1.7.2+dfsg-2ubuntu1) ...
Setting up libjs-underscore (1.4.4-2ubuntu1) ...
Setting up libjs-sphinxdoc (1.2.2+dfsg-1ubuntu1.1) ...
Setting up python-decorator (3.4.0-2build1) ...
Setting up python-sqlalchemy (0.9.7-1~cloud0) ...
Setting up python-tempita (0.5.2-1build1) ...
Setting up python-migrate (0.9.1-1ubuntu1~cloud2) ...
Setting up python-markupsafe (0.18-1build2) ...
Setting up python-mako (0.9.1-1) ...
Setting up python-alembic (0.6.5+ds-1~cloud2) ...
Setting up alembic (0.6.5+ds-1~cloud2) ...
Setting up python-lockfile (1:0.8-2ubuntu2) ...
Setting up python-oslo.i18n (1.0.0-0ubuntu1~cloud0) ...
Setting up python-oslo.utils (1.0.0-0ubuntu1~cloud0) ...
Setting up python-oslo.db (1.0.0-0ubuntu1~cloud0) ...
Setting up libmnl0:amd64 (1.0.3-3ubuntu1) ...
Setting up libipset3:amd64 (6.20.1-1) ...
Setting up ipset (6.20.1-1) ...
Setting up python-anyjson (0.3.3-1build1) ...
Setting up python-greenlet (0.4.2-1build1) ...
Setting up python-eventlet (0.13.0-1ubuntu3.3~cloud0) ...
Setting up python-httplib2 (0.8-2build1) ...
Setting up python-jinja2 (2.7.2-2) ...
Setting up python-librabbitmq (1.0.3-0ubuntu1) ...
Setting up python-amqp (1.4.5-1ubuntu1~cloud0) ...
Setting up python-kombu (3.0.7-1ubuntu1) ...
Setting up python-cliff (1.7.0-0ubuntu3~cloud0) ...
Setting up python-neutronclient (1:2.3.8-0ubuntu1~cloud0) ...
Setting up python-novaclient (1:2.19.0-0ubuntu1~cloud0) ...
Setting up python-yaml (3.10-4ubuntu0.1) ...
Setting up python-oslo.messaging (1.4.1-0ubuntu1~cloud0) ...
Setting up python-oslo.rootwrap (1.3.0.0-0ubuntu1~cloud0) ...
Setting up python-dns (2.3.6-3) ...
Setting up python-formencode (1.2.6-1ubuntu1) ...
Setting up python-paste (1.7.5.1-6ubuntu3) ...
Setting up python-pastedeploy-tpl (1.5.2-1) ...
Setting up python-pastedeploy (1.5.2-1) ...
Setting up python-repoze.lru (0.6-4) ...
Setting up python-routes (2.0-1build1) ...
Setting up python-webob (1.3.1-1) ...
Setting up python-neutron (1:2014.2.3-0ubuntu1~cloud0) ...
Setting up neutron-common (1:2014.2.3-0ubuntu1~cloud0) ...
Adding system user `neutron' (UID 105) ...
Adding new user `neutron' (UID 105) with group `neutron' ...
Not creating home directory `/var/lib/neutron'.
Setting up neutron-plugin-ml2 (1:2014.2.3-0ubuntu1~cloud0) ...
Setting up openvswitch-common (2.0.2-0ubuntu0.14.04.2) ...
Setting up openvswitch-switch (2.0.2-0ubuntu0.14.04.2) ...
openvswitch-switch start/running
Setting up python-cliff-doc (1.7.0-0ubuntu3~cloud0) ...
Setting up python-openid (2.2.5-3ubuntu1) ...
Setting up python-pastescript (1.7.5-3build1) ...
Setting up python-scgi (1.13-1.1build1) ...
Setting up python-sqlalchemy-ext (0.9.7-1~cloud0) ...
Processing triggers for ureadahead (0.100.0-16) ...
Setting up neutron-plugin-openvswitch-agent (1:2014.2.3-0ubuntu1~cloud0) ...
neutron-plugin-openvswitch-agent start/running, process 3746
Processing triggers for libc-bin (2.19-0ubuntu6.6) ...
Processing triggers for ureadahead (0.100.0-16) ...
-------------------computenetwork.sh line no : 3------------------------
-------------------computenetwork.sh line no : 4------------------------
-------------------computenetwork.sh line no : 5------------------------
openvswitch-switch stop/waiting
openvswitch-switch start/running
-------------------computenetwork.sh line no : 6------------------------
-------------------computenetwork.sh line no : 7------------------------
computeconf.zip computenetwork.sh computenetwork.sh~ computenode.sh~ computenova.sh computenova.sh~ computentp.sh computentp.sh~ compute.sh~ Error_.computenetwork.sh._.2015-07-06.17:40:00.err Error_.computenetwork.sh._.2015-07-06.17:59:22.err Error_.computenova.sh._.2015-07-06.17:20:02.err Error_.computentp.sh._.2015-07-06.15:38:41.err interfaces interfaces~ Log_.computenetwork.sh._.2015-07-06.17:40:00.log Log_.computenetwork.sh._.2015-07-06.17:59:22.log Log_.computenova.sh._.2015-07-06.17:20:02.log Log_.computentp.sh._.2015-07-06.15:38:41.log ml2_conf.ini neutron.conf nova.conf nova.conf~ ntp.conf pullstack startcompute.sh startcompute.sh~ sysctl.conf RETURNING FROM COMPUTE NODE computeconf.zip computenetwork.sh computenetwork.sh~ computenode.sh~ computenova.sh computenova.sh~ computentp.sh computentp.sh~ compute.sh~ Error_.computenetwork.sh._.2015-07-06.17:40:00.err Error_.computenetwork.sh._.2015-07-06.17:59:22.err Error_.computenova.sh._.2015-07-06.17:20:02.err Error_.computentp.sh._.2015-07-06.15:38:41.err interfaces interfaces~ Log_.computenetwork.sh._.2015-07-06.17:40:00.log Log_.computenetwork.sh._.2015-07-06.17:59:22.log Log_.computenova.sh._.2015-07-06.17:20:02.log Log_.computentp.sh._.2015-07-06.15:38:41.log ml2_conf.ini neutron.conf nova.conf nova.conf~ ntp.conf pullstack startcompute.sh startcompute.sh~ sysctl.conf
